2024-12-09 21:24:13 - INFO - Successful regular login for user: raziel
2024-12-09 21:24:49 - INFO - User raziel started checking 1 domains.
2024-12-09 21:24:49 - INFO - Starting multi-threaded check for 1 domains for user: raziel
2024-12-09 21:24:49 - INFO - Starting 20 threads for URL processing
2024-12-09 21:24:49 - INFO - Starting check for URL: google.com
2024-12-09 21:24:49 - INFO - SSL certificate valid for google.com: expires 2025-01-13 08:36:56+00:00
2024-12-09 21:24:50 - INFO - URL check successful for google.com
2024-12-09 21:24:50 - INFO - All URLs processed
2024-12-09 21:24:50 - INFO - Summary for raziel: 1 successful checks, 0 failed checks.
2024-12-09 21:24:50 - INFO - Results: [{'url': 'google.com', 'status_code': 'OK', 'ssl_status': 'valid', 'expiration_date': '2025-01-13 08:36:56', 'issuer': 'WR2'}]
2024-12-09 21:24:50 - INFO - Performance Summary for raziel: Checked 1 domains in 1.08 seconds.
2024-12-09 21:24:50 - INFO - Results: [{'url': 'google.com', 'status_code': 'OK', 'ssl_status': 'valid', 'expiration_date': '2025-01-13 08:36:56', 'issuer': 'WR2'}]
2024-12-09 21:31:48 - INFO - User raziel started checking 95 domains.
2024-12-09 21:31:48 - INFO - Starting multi-threaded check for 95 domains for user: raziel
2024-12-09 21:31:48 - INFO - Starting 100 threads for URL processing
2024-12-09 21:31:48 - INFO - Starting check for URL: google.com
2024-12-09 21:31:48 - INFO - Starting check for URL: facebook.com
2024-12-09 21:31:48 - INFO - Starting check for URL: youtube.com
2024-12-09 21:31:48 - INFO - Starting check for URL: twitter.com
2024-12-09 21:31:48 - INFO - Starting check for URL: instagram.com
2024-12-09 21:31:48 - INFO - Starting check for URL: linkedin.com
2024-12-09 21:31:48 - INFO - Starting check for URL: apple.com
2024-12-09 21:31:48 - INFO - Starting check for URL: googletagmanager.com
2024-12-09 21:31:48 - INFO - Starting check for URL: microsoft.com
2024-12-09 21:31:48 - INFO - Starting check for URL: wikipedia.org
2024-12-09 21:31:48 - INFO - Starting check for URL: wordpress.org
2024-12-09 21:31:48 - INFO - Starting check for URL: youtu.be
2024-12-09 21:31:48 - INFO - Starting check for URL: github.com
2024-12-09 21:31:48 - INFO - Starting check for URL: en.wikipedia.org
2024-12-09 21:31:48 - INFO - Starting check for URL: play.google.com
2024-12-09 21:31:48 - INFO - Starting check for URL: pinterest.com
2024-12-09 21:31:48 - INFO - Starting check for URL: goo.gl
2024-12-09 21:31:48 - INFO - Starting check for URL: maps.google.com
2024-12-09 21:31:48 - INFO - Starting check for URL: vimeo.com
2024-12-09 21:31:48 - INFO - Starting check for URL: docs.google.com
2024-12-09 21:31:48 - INFO - Starting check for URL: bit.ly
2024-12-09 21:31:48 - INFO - SSL certificate valid for google.com: expires 2025-01-13 08:36:56+00:00
2024-12-09 21:31:48 - INFO - Starting check for URL: apps.apple.com
2024-12-09 21:31:48 - INFO - SSL certificate valid for facebook.com: expires 2024-12-16 23:59:59+00:00
2024-12-09 21:31:48 - INFO - SSL certificate valid for youtube.com: expires 2025-01-13 08:36:56+00:00
2024-12-09 21:31:48 - INFO - SSL certificate valid for instagram.com: expires 2024-12-16 23:59:59+00:00
2024-12-09 21:31:48 - INFO - Starting check for URL: adobe.com
2024-12-09 21:31:48 - INFO - Starting check for URL: wordpress.com
2024-12-09 21:31:48 - INFO - SSL certificate valid for linkedin.com: expires 2025-04-14 23:59:59+00:00
2024-12-09 21:31:48 - INFO - Starting check for URL: amazon.com
2024-12-09 21:31:48 - INFO - Starting check for URL: plus.google.com
2024-12-09 21:31:48 - INFO - Starting check for URL: whatsapp.com
2024-12-09 21:31:48 - INFO - Starting check for URL: player.vimeo.com
2024-12-09 21:31:48 - INFO - Starting check for URL: blogspot.com
2024-12-09 21:31:48 - INFO - Starting check for URL: drive.google.com
2024-12-09 21:31:48 - INFO - SSL certificate valid for googletagmanager.com: expires 2025-01-13 08:36:56+00:00
2024-12-09 21:31:48 - INFO - SSL certificate valid for apple.com: expires 2025-02-12 20:09:50+00:00
2024-12-09 21:31:48 - INFO - Starting check for URL: mozilla.org
2024-12-09 21:31:48 - INFO - Starting check for URL: api.whatsapp.com
2024-12-09 21:31:48 - INFO - Starting check for URL: europa.eu
2024-12-09 21:31:48 - INFO - Starting check for URL: itunes.apple.com
2024-12-09 21:31:48 - INFO - Starting check for URL: tiktok.com
2024-12-09 21:31:49 - INFO - Starting check for URL: x.com
2024-12-09 21:31:49 - INFO - SSL certificate valid for github.com: expires 2025-03-07 23:59:59+00:00
2024-12-09 21:31:49 - INFO - Starting check for URL: policies.google.com
2024-12-09 21:31:49 - INFO - Starting check for URL: wa.me
2024-12-09 21:31:49 - INFO - SSL certificate valid for youtu.be: expires 2025-01-13 08:36:56+00:00
2024-12-09 21:31:49 - INFO - SSL certificate valid for twitter.com: expires 2025-09-29 23:59:59+00:00
2024-12-09 21:31:49 - INFO - Starting check for URL: macromedia.com
2024-12-09 21:31:49 - INFO - Starting check for URL: yahoo.com
2024-12-09 21:31:49 - INFO - Starting check for URL: reddit.com
2024-12-09 21:31:49 - INFO - Starting check for URL: tumblr.com
2024-12-09 21:31:49 - INFO - Starting check for URL: t.me
2024-12-09 21:31:49 - INFO - SSL certificate valid for play.google.com: expires 2025-01-13 08:36:56+00:00
2024-12-09 21:31:49 - INFO - Starting check for URL: gravatar.com
2024-12-09 21:31:49 - INFO - Starting check for URL: nih.gov
2024-12-09 21:31:49 - INFO - Starting check for URL: github.io
2024-12-09 21:31:49 - INFO - Starting check for URL: forms.gle
2024-12-09 21:31:49 - INFO - SSL certificate valid for microsoft.com: expires 2025-06-02 08:28:24+00:00
2024-12-09 21:31:49 - INFO - Starting check for URL: apache.org
2024-12-09 21:31:49 - INFO - SSL certificate valid for pinterest.com: expires 2025-08-07 23:59:59+00:00
2024-12-09 21:31:49 - INFO - Starting check for URL: cloudflare.com
2024-12-09 21:31:49 - INFO - Starting check for URL: qq.com
2024-12-09 21:31:49 - INFO - Starting check for URL: amazonaws.com
2024-12-09 21:31:49 - INFO - Starting check for URL: spotify.com
2024-12-09 21:31:49 - INFO - Starting check for URL: flickr.com
2024-12-09 21:31:49 - INFO - SSL certificate valid for en.wikipedia.org: expires 2025-10-17 23:59:59+00:00
2024-12-09 21:31:49 - INFO - Starting check for URL: miit.gov.cn
2024-12-09 21:31:49 - INFO - Starting check for URL: nytimes.com
2024-12-09 21:31:49 - INFO - Starting check for URL: sites.google.com
2024-12-09 21:31:49 - INFO - SSL certificate valid for goo.gl: expires 2025-01-13 08:36:56+00:00
2024-12-09 21:31:49 - INFO - Starting check for URL: medium.com
2024-12-09 21:31:49 - INFO - Starting check for URL: ec.europa.eu
2024-12-09 21:31:49 - INFO - Starting check for URL: beian.miit.gov.cn
2024-12-09 21:31:49 - INFO - Starting check for URL: nginx.org
2024-12-09 21:31:49 - WARNING - URL check failed for googletagmanager.com with status code: 404
2024-12-09 21:31:49 - INFO - Starting check for URL: archive.org
2024-12-09 21:31:49 - INFO - SSL certificate valid for docs.google.com: expires 2025-01-13 08:36:56+00:00
2024-12-09 21:31:49 - INFO - Starting check for URL: maps.app.goo.gl
2024-12-09 21:31:49 - INFO - Starting check for URL: f5.com
2024-12-09 21:31:49 - INFO - SSL certificate valid for maps.google.com: expires 2025-01-13 08:36:56+00:00
2024-12-09 21:31:49 - INFO - Starting check for URL: open.spotify.com
2024-12-09 21:31:49 - INFO - Starting check for URL: soundcloud.com
2024-12-09 21:31:49 - INFO - SSL certificate valid for wordpress.org: expires 2025-03-02 18:23:41+00:00
2024-12-09 21:31:49 - INFO - SSL certificate valid for adobe.com: expires 2025-07-15 23:59:59+00:00
2024-12-09 21:31:49 - INFO - Starting check for URL: office.com
2024-12-09 21:31:49 - INFO - Starting check for URL: forbes.com
2024-12-09 21:31:49 - INFO - Starting check for URL: nginx.com
2024-12-09 21:31:49 - INFO - SSL certificate valid for vimeo.com: expires 2025-02-21 10:29:55+00:00
2024-12-09 21:31:49 - INFO - Starting check for URL: w3.org
2024-12-09 21:31:49 - INFO - SSL certificate valid for apps.apple.com: expires 2025-04-02 18:31:05+00:00
2024-12-09 21:31:49 - INFO - Starting check for URL: www.ncbi.nlm.nih.gov
2024-12-09 21:31:49 - INFO - SSL certificate valid for bit.ly: expires 2025-05-06 23:59:59+00:00
2024-12-09 21:31:49 - INFO - Starting check for URL: creativecommons.org
2024-12-09 21:31:49 - INFO - Starting check for URL: zoom.us
2024-12-09 21:31:49 - INFO - Starting check for URL: baidu.com
2024-12-09 21:31:49 - INFO - Starting check for URL: theguardian.com
2024-12-09 21:31:49 - INFO - Starting check for URL: t.co
2024-12-09 21:31:49 - INFO - Starting check for URL: httpd.apache.org
2024-12-09 21:31:49 - INFO - Starting check for URL: sourceforge.net
2024-12-09 21:31:49 - INFO - Starting check for URL: paypal.com
2024-12-09 21:31:49 - INFO - SSL certificate valid for wordpress.com: expires 2025-02-11 13:10:36+00:00
2024-12-09 21:31:49 - INFO - Starting check for URL: sciencedirect.com
2024-12-09 21:31:49 - INFO - Starting check for URL: cnn.com
2024-12-09 21:31:49 - INFO - Starting check for URL: dropbox.com
2024-12-09 21:31:49 - INFO - Starting check for URL: web.archive.org
2024-12-09 21:31:49 - INFO - SSL certificate valid for plus.google.com: expires 2025-01-13 08:36:56+00:00
2024-12-09 21:31:49 - INFO - Starting check for URL: who.int
2024-12-09 21:31:49 - INFO - Starting check for URL: doi.org
2024-12-09 21:31:49 - INFO - Starting check for URL: googleblog.com
2024-12-09 21:31:49 - INFO - Starting check for URL: m.facebook.com
2024-12-09 21:31:49 - INFO - SSL certificate valid for tumblr.com: expires 2025-03-26 23:59:59+00:00
2024-12-09 21:31:49 - INFO - SSL certificate valid for amazon.com: expires 2025-07-27 23:59:59+00:00
2024-12-09 21:31:49 - INFO - Starting check for URL: opera.com
2024-12-09 21:31:49 - INFO - SSL certificate valid for player.vimeo.com: expires 2025-02-21 10:29:55+00:00
2024-12-09 21:31:49 - INFO - Starting check for URL: vk.com
2024-12-09 21:31:49 - INFO - Starting check for URL: live.com
2024-12-09 21:31:49 - INFO - SSL certificate valid for blogspot.com: expires 2025-01-13 08:37:37+00:00
2024-12-09 21:31:49 - INFO - Starting check for URL: tinyurl.com
2024-12-09 21:31:49 - INFO - Starting check for URL: bbc.co.uk
2024-12-09 21:31:49 - INFO - URL check successful for github.com
2024-12-09 21:31:49 - INFO - SSL certificate valid for drive.google.com: expires 2025-01-13 08:36:56+00:00
2024-12-09 21:31:49 - INFO - Starting check for URL: issuu.com
2024-12-09 21:31:50 - INFO - Starting check for URL: youtube-nocookie.com
2024-12-09 21:31:50 - INFO - URL check successful for apple.com
2024-12-09 21:31:50 - INFO - Starting check for URL: weebly.com
2024-12-09 21:31:50 - INFO - Starting check for URL: harvard.edu
2024-12-09 21:31:50 - INFO - URL check successful for google.com
2024-12-09 21:31:50 - INFO - SSL certificate valid for mozilla.org: expires 2025-02-13 14:40:25+00:00
2024-12-09 21:31:50 - INFO - URL check successful for linkedin.com
2024-12-09 21:31:50 - INFO - SSL certificate valid for api.whatsapp.com: expires 2024-12-16 23:59:59+00:00
2024-12-09 21:31:50 - INFO - SSL certificate valid for tiktok.com: expires 2025-08-26 23:59:59+00:00
2024-12-09 21:31:50 - INFO - URL check successful for facebook.com
2024-12-09 21:31:50 - INFO - URL check successful for youtube.com
2024-12-09 21:31:50 - INFO - SSL certificate valid for x.com: expires 2025-09-29 23:59:59+00:00
2024-12-09 21:31:50 - INFO - SSL certificate valid for policies.google.com: expires 2025-01-13 08:36:56+00:00
2024-12-09 21:31:50 - INFO - SSL certificate valid for wa.me: expires 2024-12-16 23:59:59+00:00
2024-12-09 21:31:50 - INFO - URL check successful for microsoft.com
2024-12-09 21:31:50 - INFO - URL check successful for twitter.com
2024-12-09 21:31:50 - INFO - SSL certificate valid for whatsapp.com: expires 2024-12-16 23:59:59+00:00
2024-12-09 21:31:50 - INFO - SSL certificate valid for reddit.com: expires 2025-04-11 23:59:59+00:00
2024-12-09 21:31:50 - INFO - URL check successful for instagram.com
2024-12-09 21:31:50 - INFO - SSL certificate valid for t.me: expires 2025-11-07 19:51:28+00:00
2024-12-09 21:31:50 - INFO - URL check successful for youtu.be
2024-12-09 21:31:50 - INFO - URL check successful for en.wikipedia.org
2024-12-09 21:31:51 - INFO - SSL certificate valid for github.io: expires 2025-03-14 23:59:59+00:00
2024-12-09 21:31:51 - INFO - SSL certificate valid for gravatar.com: expires 2025-01-04 23:59:59+00:00
2024-12-09 21:31:51 - INFO - SSL certificate valid for forms.gle: expires 2025-02-06 05:20:15+00:00
2024-12-09 21:31:51 - INFO - SSL certificate valid for apache.org: expires 2025-01-20 07:42:40+00:00
2024-12-09 21:31:51 - INFO - SSL certificate valid for cloudflare.com: expires 2025-03-09 00:31:24+00:00
2024-12-09 21:31:51 - INFO - SSL certificate valid for spotify.com: expires 2025-02-04 23:59:59+00:00
2024-12-09 21:31:51 - INFO - SSL certificate valid for itunes.apple.com: expires 2025-04-02 18:31:05+00:00
2024-12-09 21:31:51 - INFO - SSL certificate valid for europa.eu: expires 2025-08-10 12:06:07+00:00
2024-12-09 21:31:51 - INFO - URL check successful for pinterest.com
2024-12-09 21:31:51 - INFO - URL check successful for bit.ly
2024-12-09 21:31:51 - INFO - SSL certificate valid for flickr.com: expires 2025-03-04 23:59:59+00:00
2024-12-09 21:31:51 - INFO - URL check successful for vimeo.com
2024-12-09 21:31:51 - INFO - URL check successful for maps.google.com
2024-12-09 21:31:51 - INFO - SSL certificate valid for sites.google.com: expires 2025-01-13 08:36:56+00:00
2024-12-09 21:31:51 - INFO - SSL certificate valid for nytimes.com: expires 2025-03-13 23:59:59+00:00
2024-12-09 21:31:51 - INFO - SSL certificate valid for medium.com: expires 2025-02-23 18:56:38+00:00
2024-12-09 21:31:51 - WARNING - URL check failed for api.whatsapp.com with status code: 403
2024-12-09 21:31:51 - INFO - URL check successful for goo.gl
2024-12-09 21:31:51 - INFO - SSL certificate valid for nih.gov: expires 2025-01-17 18:29:15+00:00
2024-12-09 21:31:51 - INFO - URL check successful for wordpress.org
2024-12-09 21:31:51 - INFO - SSL certificate valid for yahoo.com: expires 2025-01-15 23:59:59+00:00
2024-12-09 21:31:51 - INFO - SSL certificate valid for maps.app.goo.gl: expires 2025-01-13 08:37:12+00:00
2024-12-09 21:31:51 - INFO - SSL certificate valid for open.spotify.com: expires 2025-01-07 00:16:47+00:00
2024-12-09 21:31:51 - ERROR - Request error for adobe.com: HTTPSConnectionPool(host='www.adobe.com', port=443): Read timed out. (read timeout=1)
2024-12-09 21:31:51 - INFO - URL check successful for wordpress.com
2024-12-09 21:31:51 - INFO - SSL certificate valid for soundcloud.com: expires 2025-03-09 12:22:14+00:00
2024-12-09 21:31:52 - ERROR - Request error for miit.gov.cn: HTTPConnectionPool(host='miit.gov.cn', port=80): Max retries exceeded with url: / (Caused by NameResolutionError("<urllib3.connection.HTTPConnection object at 0x00000130DB0FE360>: Failed to resolve 'miit.gov.cn' ([Errno 11001] getaddrinfo failed)"))
2024-12-09 21:31:52 - INFO - SSL certificate valid for nginx.org: expires 2025-02-02 08:59:20+00:00
2024-12-09 21:31:52 - INFO - SSL certificate valid for forbes.com: expires 2025-04-07 18:51:31+00:00
2024-12-09 21:31:52 - INFO - SSL certificate valid for f5.com: expires 2025-11-21 21:51:37+00:00
2024-12-09 21:31:52 - INFO - URL check successful for plus.google.com
2024-12-09 21:31:52 - INFO - SSL certificate valid for office.com: expires 2025-09-13 16:26:36+00:00
2024-12-09 21:31:52 - INFO - SSL certificate valid for archive.org: expires 2025-01-23 14:17:22+00:00
2024-12-09 21:31:52 - INFO - SSL certificate valid for w3.org: expires 2025-02-24 00:13:54+00:00
2024-12-09 21:31:52 - INFO - URL check successful for tiktok.com
2024-12-09 21:31:52 - INFO - SSL certificate valid for qq.com: expires 2025-06-10 23:59:59+00:00
2024-12-09 21:31:52 - INFO - SSL certificate valid for nginx.com: expires 2025-02-05 21:32:17+00:00
2024-12-09 21:31:52 - INFO - SSL certificate valid for creativecommons.org: expires 2025-02-18 03:18:38+00:00
2024-12-09 21:31:52 - INFO - SSL certificate valid for theguardian.com: expires 2025-10-18 10:57:40+00:00
2024-12-09 21:31:52 - INFO - SSL certificate valid for zoom.us: expires 2025-04-05 23:59:59+00:00
2024-12-09 21:31:52 - INFO - SSL certificate valid for sourceforge.net: expires 2025-02-25 15:43:08+00:00
2024-12-09 21:31:52 - INFO - SSL certificate valid for t.co: expires 2025-02-24 14:17:08+00:00
2024-12-09 21:31:52 - INFO - URL check successful for x.com
2024-12-09 21:31:52 - INFO - URL check successful for mozilla.org
2024-12-09 21:31:52 - INFO - SSL certificate valid for paypal.com: expires 2025-08-06 23:59:59+00:00
2024-12-09 21:31:52 - INFO - URL check successful for tumblr.com
2024-12-09 21:31:52 - WARNING - URL check failed for amazon.com with status code: 503
2024-12-09 21:31:52 - INFO - SSL certificate valid for www.ncbi.nlm.nih.gov: expires 2025-08-02 21:41:30+00:00
2024-12-09 21:31:52 - INFO - SSL certificate valid for httpd.apache.org: expires 2025-03-03 07:48:08+00:00
2024-12-09 21:31:52 - INFO - SSL certificate valid for cnn.com: expires 2025-10-29 19:18:29+00:00
2024-12-09 21:31:52 - INFO - SSL certificate valid for m.facebook.com: expires 2024-12-16 23:59:59+00:00
2024-12-09 21:31:52 - INFO - SSL certificate valid for baidu.com: expires 2025-03-01 23:59:59+00:00
2024-12-09 21:31:52 - INFO - SSL certificate valid for live.com: expires 2025-03-10 23:59:59+00:00
2024-12-09 21:31:52 - INFO - URL check successful for github.io
2024-12-09 21:31:52 - INFO - URL check successful for player.vimeo.com
2024-12-09 21:31:52 - INFO - SSL certificate valid for tinyurl.com: expires 2025-02-21 00:39:02+00:00
2024-12-09 21:31:52 - INFO - SSL certificate valid for doi.org: expires 2025-03-04 12:46:33+00:00
2024-12-09 21:31:52 - INFO - URL check successful for blogspot.com
2024-12-09 21:31:52 - INFO - SSL certificate valid for who.int: expires 2025-01-18 07:41:00+00:00
2024-12-09 21:31:53 - INFO - SSL certificate valid for opera.com: expires 2025-01-09 23:59:59+00:00
2024-12-09 21:31:53 - WARNING - URL check failed for forms.gle with status code: 400
2024-12-09 21:31:53 - INFO - SSL certificate valid for web.archive.org: expires 2025-01-23 14:17:22+00:00
2024-12-09 21:31:53 - INFO - URL check successful for policies.google.com
2024-12-09 21:31:53 - INFO - SSL certificate valid for bbc.co.uk: expires 2025-07-19 06:26:04+00:00
2024-12-09 21:31:53 - INFO - URL check successful for apache.org
2024-12-09 21:31:53 - INFO - URL check successful for docs.google.com
2024-12-09 21:31:53 - INFO - URL check successful for cloudflare.com
2024-12-09 21:31:53 - INFO - URL check successful for drive.google.com
2024-12-09 21:31:53 - INFO - SSL certificate valid for weebly.com: expires 2025-01-26 18:44:57+00:00
2024-12-09 21:31:53 - INFO - SSL certificate valid for sciencedirect.com: expires 2025-03-07 09:14:49+00:00
2024-12-09 21:31:53 - INFO - URL check successful for wa.me
2024-12-09 21:31:53 - INFO - URL check successful for medium.com
2024-12-09 21:31:53 - INFO - SSL certificate valid for issuu.com: expires 2025-10-12 13:40:10+00:00
2024-12-09 21:31:53 - INFO - URL check successful for whatsapp.com
2024-12-09 21:31:53 - INFO - URL check successful for nginx.org
2024-12-09 21:31:53 - INFO - URL check successful for w3.org
2024-12-09 21:31:53 - INFO - URL check successful for play.google.com
2024-12-09 21:31:53 - INFO - URL check successful for t.me
2024-12-09 21:31:53 - INFO - URL check successful for soundcloud.com
2024-12-09 21:31:53 - INFO - URL check successful for httpd.apache.org
2024-12-09 21:31:53 - INFO - SSL certificate valid for googleblog.com: expires 2025-01-13 08:37:12+00:00
2024-12-09 21:31:53 - INFO - URL check successful for archive.org
2024-12-09 21:31:53 - INFO - URL check successful for tinyurl.com
2024-12-09 21:31:53 - INFO - URL check successful for office.com
2024-12-09 21:31:53 - WARNING - URL check failed for maps.app.goo.gl with status code: 400
2024-12-09 21:31:53 - INFO - URL check successful for nytimes.com
2024-12-09 21:31:53 - INFO - URL check successful for baidu.com
2024-12-09 21:31:53 - INFO - URL check successful for spotify.com
2024-12-09 21:31:53 - ERROR - Request error for nih.gov: ('Connection aborted.', RemoteDisconnected('Remote end closed connection without response'))
2024-12-09 21:31:53 - WARNING - URL check failed for issuu.com with status code: 406
2024-12-09 21:31:53 - INFO - URL check successful for m.facebook.com
2024-12-09 21:31:53 - INFO - URL check successful for reddit.com
2024-12-09 21:31:53 - INFO - URL check successful for t.co
2024-12-09 21:31:53 - INFO - URL check successful for forbes.com
2024-12-09 21:31:53 - WARNING - URL check failed for sciencedirect.com with status code: 403
2024-12-09 21:31:53 - INFO - URL check successful for gravatar.com
2024-12-09 21:31:53 - INFO - URL check successful for live.com
2024-12-09 21:31:53 - INFO - URL check successful for bbc.co.uk
2024-12-09 21:31:53 - INFO - SSL certificate valid for wikipedia.org: expires 2025-10-17 23:59:59+00:00
2024-12-09 21:31:53 - INFO - URL check successful for flickr.com
2024-12-09 21:31:54 - INFO - URL check successful for cnn.com
2024-12-09 21:31:54 - INFO - URL check successful for open.spotify.com
2024-12-09 21:31:54 - INFO - URL check successful for theguardian.com
2024-12-09 21:31:54 - INFO - URL check successful for web.archive.org
2024-12-09 21:31:54 - INFO - SSL certificate valid for harvard.edu: expires 2025-01-26 15:24:12+00:00
2024-12-09 21:31:54 - INFO - URL check successful for opera.com
2024-12-09 21:31:54 - INFO - URL check successful for paypal.com
2024-12-09 21:31:54 - INFO - URL check successful for who.int
2024-12-09 21:31:54 - INFO - URL check successful for vk.com
2024-12-09 21:31:54 - WARNING - URL check failed for qq.com with status code: 501
2024-12-09 21:31:54 - INFO - URL check successful for www.ncbi.nlm.nih.gov
2024-12-09 21:31:54 - INFO - URL check successful for zoom.us
2024-12-09 21:31:54 - INFO - URL check successful for doi.org
2024-12-09 21:31:54 - INFO - URL check successful for sourceforge.net
2024-12-09 21:31:54 - INFO - URL check successful for creativecommons.org
2024-12-09 21:31:54 - INFO - URL check successful for sites.google.com
2024-12-09 21:31:54 - INFO - SSL certificate valid for beian.miit.gov.cn: expires 2025-10-13 23:59:59+00:00
2024-12-09 21:31:54 - INFO - URL check successful for weebly.com
2024-12-09 21:31:54 - ERROR - Request error for youtube-nocookie.com: HTTPSConnectionPool(host='youtube-nocookie.com', port=443): Max retries exceeded with url: / (Caused by SSLError(SSLCertVerificationError(1, "[SSL: CERTIFICATE_VERIFY_FAILED] certificate verify failed: Hostname mismatch, certificate is not valid for 'youtube-nocookie.com'. (_ssl.c:1000)")))
2024-12-09 21:31:54 - INFO - URL check successful for itunes.apple.com
2024-12-09 21:31:55 - INFO - URL check successful for harvard.edu
2024-12-09 21:31:55 - INFO - SSL certificate valid for dropbox.com: expires 2025-12-08 23:59:59+00:00
2024-12-09 21:31:56 - INFO - URL check successful for googleblog.com
2024-12-09 21:31:56 - ERROR - Request error for nginx.com: HTTPSConnectionPool(host='www.f5.com', port=443): Read timed out. (read timeout=1)
2024-12-09 21:31:56 - ERROR - Request error for f5.com: HTTPSConnectionPool(host='www.f5.com', port=443): Read timed out. (read timeout=1)
2024-12-09 21:31:56 - INFO - URL check successful for europa.eu
2024-12-09 21:31:56 - ERROR - Request error for macromedia.com: HTTPConnectionPool(host='macromedia.com', port=80): Max retries exceeded with url: / (Caused by ConnectTimeoutError(<urllib3.connection.HTTPConnection object at 0x00000130D99676B0>, 'Connection to macromedia.com timed out. (connect timeout=1)'))
2024-12-09 21:31:56 - INFO - URL check successful for apps.apple.com
2024-12-09 21:31:56 - WARNING - URL check failed for beian.miit.gov.cn with status code: 521
2024-12-09 21:31:57 - INFO - URL check successful for wikipedia.org
2024-12-09 21:31:58 - INFO - URL check successful for yahoo.com
2024-12-09 21:31:58 - INFO - URL check successful for dropbox.com
2024-12-09 21:32:01 - INFO - URL check successful for amazonaws.com
2024-12-09 21:32:01 - INFO - SSL certificate valid for ec.europa.eu: expires 2025-08-03 13:21:01+00:00
2024-12-09 21:32:05 - INFO - URL check successful for ec.europa.eu
2024-12-09 21:32:05 - INFO - All URLs processed
2024-12-09 21:32:05 - INFO - Summary for raziel: 79 successful checks, 16 failed checks.
2024-12-09 21:32:05 - INFO - Results: [{'url': 'googletagmanager.com', 'status_code': 'FAILED', 'ssl_status': 'unknown', 'expiration_date': 'unknown', 'issuer': 'unknown'}, {'url': 'github.com', 'status_code': 'OK', 'ssl_status': 'valid', 'expiration_date': '2025-03-07 23:59:59', 'issuer': 'Sectigo ECC Domain Validation Secure Server CA'}, {'url': 'apple.com', 'status_code': 'OK', 'ssl_status': 'valid', 'expiration_date': '2025-02-12 20:09:50', 'issuer': 'Apple Public EV Server ECC CA 1 - G1'}, {'url': 'google.com', 'status_code': 'OK', 'ssl_status': 'valid', 'expiration_date': '2025-01-13 08:36:56', 'issuer': 'WR2'}, {'url': 'linkedin.com', 'status_code': 'OK', 'ssl_status': 'valid', 'expiration_date': '2025-04-14 23:59:59', 'issuer': 'DigiCert SHA2 Secure Server CA'}, {'url': 'facebook.com', 'status_code': 'OK', 'ssl_status': 'valid', 'expiration_date': '2024-12-16 23:59:59', 'issuer': 'DigiCert SHA2 High Assurance Server CA'}, {'url': 'youtube.com', 'status_code': 'OK', 'ssl_status': 'valid', 'expiration_date': '2025-01-13 08:36:56', 'issuer': 'WR2'}, {'url': 'microsoft.com', 'status_code': 'OK', 'ssl_status': 'valid', 'expiration_date': '2025-06-02 08:28:24', 'issuer': 'Microsoft Azure RSA TLS Issuing CA 08'}, {'url': 'twitter.com', 'status_code': 'OK', 'ssl_status': 'valid', 'expiration_date': '2025-09-29 23:59:59', 'issuer': 'DigiCert Global G2 TLS RSA SHA256 2020 CA1'}, {'url': 'instagram.com', 'status_code': 'OK', 'ssl_status': 'valid', 'expiration_date': '2024-12-16 23:59:59', 'issuer': 'DigiCert SHA2 High Assurance Server CA'}, {'url': 'youtu.be', 'status_code': 'OK', 'ssl_status': 'valid', 'expiration_date': '2025-01-13 08:36:56', 'issuer': 'WR2'}, {'url': 'en.wikipedia.org', 'status_code': 'OK', 'ssl_status': 'valid', 'expiration_date': '2025-10-17 23:59:59', 'issuer': 'DigiCert TLS Hybrid ECC SHA384 2020 CA1'}, {'url': 'pinterest.com', 'status_code': 'OK', 'ssl_status': 'valid', 'expiration_date': '2025-08-07 23:59:59', 'issuer': 'DigiCert Global G2 TLS RSA SHA256 2020 CA1'}, {'url': 'bit.ly', 'status_code': 'OK', 'ssl_status': 'valid', 'expiration_date': '2025-05-06 23:59:59', 'issuer': 'DigiCert EV RSA CA G2'}, {'url': 'vimeo.com', 'status_code': 'OK', 'ssl_status': 'valid', 'expiration_date': '2025-02-21 10:29:55', 'issuer': 'WE1'}, {'url': 'maps.google.com', 'status_code': 'OK', 'ssl_status': 'valid', 'expiration_date': '2025-01-13 08:36:56', 'issuer': 'WR2'}, {'url': 'api.whatsapp.com', 'status_code': 'FAILED', 'ssl_status': 'unknown', 'expiration_date': 'unknown', 'issuer': 'unknown'}, {'url': 'goo.gl', 'status_code': 'OK', 'ssl_status': 'valid', 'expiration_date': '2025-01-13 08:36:56', 'issuer': 'WR2'}, {'url': 'wordpress.org', 'status_code': 'OK', 'ssl_status': 'valid', 'expiration_date': '2025-03-02 18:23:41', 'issuer': 'E6'}, {'url': 'adobe.com', 'status_code': 'FAILED', 'ssl_status': 'unknown', 'expiration_date': 'unknown', 'issuer': 'unknown'}, {'url': 'wordpress.com', 'status_code': 'OK', 'ssl_status': 'valid', 'expiration_date': '2025-02-11 13:10:36', 'issuer': 'E5'}, {'url': 'miit.gov.cn', 'status_code': 'FAILED', 'ssl_status': 'unknown', 'expiration_date': 'unknown', 'issuer': 'unknown'}, {'url': 'plus.google.com', 'status_code': 'OK', 'ssl_status': 'valid', 'expiration_date': '2025-01-13 08:36:56', 'issuer': 'WR2'}, {'url': 'tiktok.com', 'status_code': 'OK', 'ssl_status': 'valid', 'expiration_date': '2025-08-26 23:59:59', 'issuer': 'RapidSSL TLS RSA CA G1'}, {'url': 'x.com', 'status_code': 'OK', 'ssl_status': 'valid', 'expiration_date': '2025-09-29 23:59:59', 'issuer': 'DigiCert Global G2 TLS RSA SHA256 2020 CA1'}, {'url': 'mozilla.org', 'status_code': 'OK', 'ssl_status': 'valid', 'expiration_date': '2025-02-13 14:40:25', 'issuer': 'WR3'}, {'url': 'tumblr.com', 'status_code': 'OK', 'ssl_status': 'valid', 'expiration_date': '2025-03-26 23:59:59', 'issuer': 'Sectigo ECC Domain Validation Secure Server CA'}, {'url': 'amazon.com', 'status_code': 'FAILED', 'ssl_status': 'unknown', 'expiration_date': 'unknown', 'issuer': 'unknown'}, {'url': 'github.io', 'status_code': 'OK', 'ssl_status': 'valid', 'expiration_date': '2025-03-14 23:59:59', 'issuer': 'DigiCert Global G2 TLS RSA SHA256 2020 CA1'}, {'url': 'player.vimeo.com', 'status_code': 'OK', 'ssl_status': 'valid', 'expiration_date': '2025-02-21 10:29:55', 'issuer': 'WE1'}, {'url': 'blogspot.com', 'status_code': 'OK', 'ssl_status': 'valid', 'expiration_date': '2025-01-13 08:37:37', 'issuer': 'WR2'}, {'url': 'forms.gle', 'status_code': 'FAILED', 'ssl_status': 'unknown', 'expiration_date': 'unknown', 'issuer': 'unknown'}, {'url': 'policies.google.com', 'status_code': 'OK', 'ssl_status': 'valid', 'expiration_date': '2025-01-13 08:36:56', 'issuer': 'WR2'}, {'url': 'apache.org', 'status_code': 'OK', 'ssl_status': 'valid', 'expiration_date': '2025-01-20 07:42:40', 'issuer': 'R10'}, {'url': 'docs.google.com', 'status_code': 'OK', 'ssl_status': 'valid', 'expiration_date': '2025-01-13 08:36:56', 'issuer': 'WR2'}, {'url': 'cloudflare.com', 'status_code': 'OK', 'ssl_status': 'valid', 'expiration_date': '2025-03-09 00:31:24', 'issuer': 'WE1'}, {'url': 'drive.google.com', 'status_code': 'OK', 'ssl_status': 'valid', 'expiration_date': '2025-01-13 08:36:56', 'issuer': 'WR2'}, {'url': 'wa.me', 'status_code': 'OK', 'ssl_status': 'valid', 'expiration_date': '2024-12-16 23:59:59', 'issuer': 'DigiCert SHA2 High Assurance Server CA'}, {'url': 'medium.com', 'status_code': 'OK', 'ssl_status': 'valid', 'expiration_date': '2025-02-23 18:56:38', 'issuer': 'WE1'}, {'url': 'whatsapp.com', 'status_code': 'OK', 'ssl_status': 'valid', 'expiration_date': '2024-12-16 23:59:59', 'issuer': 'DigiCert SHA2 High Assurance Server CA'}, {'url': 'nginx.org', 'status_code': 'OK', 'ssl_status': 'valid', 'expiration_date': '2025-02-02 08:59:20', 'issuer': 'R11'}, {'url': 'w3.org', 'status_code': 'OK', 'ssl_status': 'valid', 'expiration_date': '2025-02-24 00:13:54', 'issuer': 'WE1'}, {'url': 'play.google.com', 'status_code': 'OK', 'ssl_status': 'valid', 'expiration_date': '2025-01-13 08:36:56', 'issuer': 'WR2'}, {'url': 't.me', 'status_code': 'OK', 'ssl_status': 'valid', 'expiration_date': '2025-11-07 19:51:28', 'issuer': 'Go Daddy Secure Certificate Authority - G2'}, {'url': 'soundcloud.com', 'status_code': 'OK', 'ssl_status': 'valid', 'expiration_date': '2025-03-09 12:22:14', 'issuer': 'GlobalSign GCC R3 DV TLS CA 2020'}, {'url': 'httpd.apache.org', 'status_code': 'OK', 'ssl_status': 'valid', 'expiration_date': '2025-03-03 07:48:08', 'issuer': 'R10'}, {'url': 'archive.org', 'status_code': 'OK', 'ssl_status': 'valid', 'expiration_date': '2025-01-23 14:17:22', 'issuer': 'Go Daddy Secure Certificate Authority - G2'}, {'url': 'tinyurl.com', 'status_code': 'OK', 'ssl_status': 'valid', 'expiration_date': '2025-02-21 00:39:02', 'issuer': 'WE1'}, {'url': 'office.com', 'status_code': 'OK', 'ssl_status': 'valid', 'expiration_date': '2025-09-13 16:26:36', 'issuer': 'Microsoft Azure RSA TLS Issuing CA 04'}, {'url': 'maps.app.goo.gl', 'status_code': 'FAILED', 'ssl_status': 'unknown', 'expiration_date': 'unknown', 'issuer': 'unknown'}, {'url': 'nytimes.com', 'status_code': 'OK', 'ssl_status': 'valid', 'expiration_date': '2025-03-13 23:59:59', 'issuer': 'Thawte RSA CA 2018'}, {'url': 'baidu.com', 'status_code': 'OK', 'ssl_status': 'valid', 'expiration_date': '2025-03-01 23:59:59', 'issuer': 'DigiCert Secure Site Pro CN CA G3'}, {'url': 'spotify.com', 'status_code': 'OK', 'ssl_status': 'valid', 'expiration_date': '2025-02-04 23:59:59', 'issuer': 'DigiCert Global G2 TLS RSA SHA256 2020 CA1'}, {'url': 'issuu.com', 'status_code': 'FAILED', 'ssl_status': 'unknown', 'expiration_date': 'unknown', 'issuer': 'unknown'}, {'url': 'nih.gov', 'status_code': 'FAILED', 'ssl_status': 'unknown', 'expiration_date': 'unknown', 'issuer': 'unknown'}, {'url': 'm.facebook.com', 'status_code': 'OK', 'ssl_status': 'valid', 'expiration_date': '2024-12-16 23:59:59', 'issuer': 'DigiCert SHA2 High Assurance Server CA'}, {'url': 'reddit.com', 'status_code': 'OK', 'ssl_status': 'valid', 'expiration_date': '2025-04-11 23:59:59', 'issuer': 'DigiCert TLS RSA SHA256 2020 CA1'}, {'url': 't.co', 'status_code': 'OK', 'ssl_status': 'valid', 'expiration_date': '2025-02-24 14:17:08', 'issuer': 'E6'}, {'url': 'forbes.com', 'status_code': 'OK', 'ssl_status': 'valid', 'expiration_date': '2025-04-07 18:51:31', 'issuer': 'GlobalSign Atlas R3 DV TLS CA 2024 Q1'}, {'url': 'sciencedirect.com', 'status_code': 'FAILED', 'ssl_status': 'unknown', 'expiration_date': 'unknown', 'issuer': 'unknown'}, {'url': 'gravatar.com', 'status_code': 'OK', 'ssl_status': 'valid', 'expiration_date': '2025-01-04 23:59:59', 'issuer': 'Sectigo ECC Domain Validation Secure Server CA'}, {'url': 'live.com', 'status_code': 'OK', 'ssl_status': 'valid', 'expiration_date': '2025-03-10 23:59:59', 'issuer': 'DigiCert Cloud Services CA-1'}, {'url': 'bbc.co.uk', 'status_code': 'OK', 'ssl_status': 'valid', 'expiration_date': '2025-07-19 06:26:04', 'issuer': 'GlobalSign RSA OV SSL CA 2018'}, {'url': 'flickr.com', 'status_code': 'OK', 'ssl_status': 'valid', 'expiration_date': '2025-03-04 23:59:59', 'issuer': 'Amazon RSA 2048 M02'}, {'url': 'cnn.com', 'status_code': 'OK', 'ssl_status': 'valid', 'expiration_date': '2025-10-29 19:18:29', 'issuer': 'GlobalSign Atlas R3 DV TLS CA 2024 Q3'}, {'url': 'open.spotify.com', 'status_code': 'OK', 'ssl_status': 'valid', 'expiration_date': '2025-01-07 00:16:47', 'issuer': 'Certainly Intermediate R1'}, {'url': 'theguardian.com', 'status_code': 'OK', 'ssl_status': 'valid', 'expiration_date': '2025-10-18 10:57:40', 'issuer': 'GlobalSign Atlas R3 DV TLS CA 2024 Q3'}, {'url': 'web.archive.org', 'status_code': 'OK', 'ssl_status': 'valid', 'expiration_date': '2025-01-23 14:17:22', 'issuer': 'Go Daddy Secure Certificate Authority - G2'}, {'url': 'opera.com', 'status_code': 'OK', 'ssl_status': 'valid', 'expiration_date': '2025-01-09 23:59:59', 'issuer': 'DigiCert TLS Hybrid ECC SHA384 2020 CA1'}, {'url': 'paypal.com', 'status_code': 'OK', 'ssl_status': 'valid', 'expiration_date': '2025-08-06 23:59:59', 'issuer': 'DigiCert SHA2 Extended Validation Server CA'}, {'url': 'who.int', 'status_code': 'OK', 'ssl_status': 'valid', 'expiration_date': '2025-01-18 07:41:00', 'issuer': 'WE1'}, {'url': 'vk.com', 'status_code': 'OK', 'ssl_status': 'failed', 'expiration_date': 'unknown', 'issuer': 'unknown'}, {'url': 'qq.com', 'status_code': 'FAILED', 'ssl_status': 'unknown', 'expiration_date': 'unknown', 'issuer': 'unknown'}, {'url': 'www.ncbi.nlm.nih.gov', 'status_code': 'OK', 'ssl_status': 'valid', 'expiration_date': '2025-08-02 21:41:30', 'issuer': 'Go Daddy Secure Certificate Authority - G2'}, {'url': 'zoom.us', 'status_code': 'OK', 'ssl_status': 'valid', 'expiration_date': '2025-04-05 23:59:59', 'issuer': 'DigiCert Global G2 TLS RSA SHA256 2020 CA1'}, {'url': 'doi.org', 'status_code': 'OK', 'ssl_status': 'valid', 'expiration_date': '2025-03-04 12:46:33', 'issuer': 'WE1'}, {'url': 'sourceforge.net', 'status_code': 'OK', 'ssl_status': 'valid', 'expiration_date': '2025-02-25 15:43:08', 'issuer': 'E5'}, {'url': 'creativecommons.org', 'status_code': 'OK', 'ssl_status': 'valid', 'expiration_date': '2025-02-18 03:18:38', 'issuer': 'WE1'}, {'url': 'sites.google.com', 'status_code': 'OK', 'ssl_status': 'valid', 'expiration_date': '2025-01-13 08:36:56', 'issuer': 'WR2'}, {'url': 'weebly.com', 'status_code': 'OK', 'ssl_status': 'valid', 'expiration_date': '2025-01-26 18:44:57', 'issuer': 'E5'}, {'url': 'youtube-nocookie.com', 'status_code': 'FAILED', 'ssl_status': 'unknown', 'expiration_date': 'unknown', 'issuer': 'unknown'}, {'url': 'itunes.apple.com', 'status_code': 'OK', 'ssl_status': 'valid', 'expiration_date': '2025-04-02 18:31:05', 'issuer': 'Apple Public EV Server RSA CA 2 - G1'}, {'url': 'harvard.edu', 'status_code': 'OK', 'ssl_status': 'valid', 'expiration_date': '2025-01-26 15:24:12', 'issuer': 'E5'}, {'url': 'googleblog.com', 'status_code': 'OK', 'ssl_status': 'valid', 'expiration_date': '2025-01-13 08:37:12', 'issuer': 'WR2'}, {'url': 'nginx.com', 'status_code': 'FAILED', 'ssl_status': 'unknown', 'expiration_date': 'unknown', 'issuer': 'unknown'}, {'url': 'f5.com', 'status_code': 'FAILED', 'ssl_status': 'unknown', 'expiration_date': 'unknown', 'issuer': 'unknown'}, {'url': 'europa.eu', 'status_code': 'OK', 'ssl_status': 'valid', 'expiration_date': '2025-08-10 12:06:07', 'issuer': 'GlobalSign RSA OV SSL CA 2018'}, {'url': 'macromedia.com', 'status_code': 'FAILED', 'ssl_status': 'unknown', 'expiration_date': 'unknown', 'issuer': 'unknown'}, {'url': 'apps.apple.com', 'status_code': 'OK', 'ssl_status': 'valid', 'expiration_date': '2025-04-02 18:31:05', 'issuer': 'Apple Public EV Server RSA CA 2 - G1'}, {'url': 'beian.miit.gov.cn', 'status_code': 'FAILED', 'ssl_status': 'unknown', 'expiration_date': 'unknown', 'issuer': 'unknown'}, {'url': 'wikipedia.org', 'status_code': 'OK', 'ssl_status': 'valid', 'expiration_date': '2025-10-17 23:59:59', 'issuer': 'DigiCert TLS Hybrid ECC SHA384 2020 CA1'}, {'url': 'yahoo.com', 'status_code': 'OK', 'ssl_status': 'valid', 'expiration_date': '2025-01-15 23:59:59', 'issuer': 'DigiCert SHA2 High Assurance Server CA'}, {'url': 'dropbox.com', 'status_code': 'OK', 'ssl_status': 'valid', 'expiration_date': '2025-12-08 23:59:59', 'issuer': 'DigiCert TLS RSA SHA256 2020 CA1'}, {'url': 'amazonaws.com', 'status_code': 'OK', 'ssl_status': 'failed', 'expiration_date': 'unknown', 'issuer': 'unknown'}, {'url': 'ec.europa.eu', 'status_code': 'OK', 'ssl_status': 'valid', 'expiration_date': '2025-08-03 13:21:01', 'issuer': 'GlobalSign RSA OV SSL CA 2018'}]
2024-12-09 21:32:05 - INFO - Performance Summary for raziel: Checked 95 domains in 17.47 seconds.
2024-12-09 21:32:05 - INFO - Results: [{'url': 'googletagmanager.com', 'status_code': 'FAILED', 'ssl_status': 'unknown', 'expiration_date': 'unknown', 'issuer': 'unknown'}, {'url': 'github.com', 'status_code': 'OK', 'ssl_status': 'valid', 'expiration_date': '2025-03-07 23:59:59', 'issuer': 'Sectigo ECC Domain Validation Secure Server CA'}, {'url': 'apple.com', 'status_code': 'OK', 'ssl_status': 'valid', 'expiration_date': '2025-02-12 20:09:50', 'issuer': 'Apple Public EV Server ECC CA 1 - G1'}, {'url': 'google.com', 'status_code': 'OK', 'ssl_status': 'valid', 'expiration_date': '2025-01-13 08:36:56', 'issuer': 'WR2'}, {'url': 'linkedin.com', 'status_code': 'OK', 'ssl_status': 'valid', 'expiration_date': '2025-04-14 23:59:59', 'issuer': 'DigiCert SHA2 Secure Server CA'}, {'url': 'facebook.com', 'status_code': 'OK', 'ssl_status': 'valid', 'expiration_date': '2024-12-16 23:59:59', 'issuer': 'DigiCert SHA2 High Assurance Server CA'}, {'url': 'youtube.com', 'status_code': 'OK', 'ssl_status': 'valid', 'expiration_date': '2025-01-13 08:36:56', 'issuer': 'WR2'}, {'url': 'microsoft.com', 'status_code': 'OK', 'ssl_status': 'valid', 'expiration_date': '2025-06-02 08:28:24', 'issuer': 'Microsoft Azure RSA TLS Issuing CA 08'}, {'url': 'twitter.com', 'status_code': 'OK', 'ssl_status': 'valid', 'expiration_date': '2025-09-29 23:59:59', 'issuer': 'DigiCert Global G2 TLS RSA SHA256 2020 CA1'}, {'url': 'instagram.com', 'status_code': 'OK', 'ssl_status': 'valid', 'expiration_date': '2024-12-16 23:59:59', 'issuer': 'DigiCert SHA2 High Assurance Server CA'}, {'url': 'youtu.be', 'status_code': 'OK', 'ssl_status': 'valid', 'expiration_date': '2025-01-13 08:36:56', 'issuer': 'WR2'}, {'url': 'en.wikipedia.org', 'status_code': 'OK', 'ssl_status': 'valid', 'expiration_date': '2025-10-17 23:59:59', 'issuer': 'DigiCert TLS Hybrid ECC SHA384 2020 CA1'}, {'url': 'pinterest.com', 'status_code': 'OK', 'ssl_status': 'valid', 'expiration_date': '2025-08-07 23:59:59', 'issuer': 'DigiCert Global G2 TLS RSA SHA256 2020 CA1'}, {'url': 'bit.ly', 'status_code': 'OK', 'ssl_status': 'valid', 'expiration_date': '2025-05-06 23:59:59', 'issuer': 'DigiCert EV RSA CA G2'}, {'url': 'vimeo.com', 'status_code': 'OK', 'ssl_status': 'valid', 'expiration_date': '2025-02-21 10:29:55', 'issuer': 'WE1'}, {'url': 'maps.google.com', 'status_code': 'OK', 'ssl_status': 'valid', 'expiration_date': '2025-01-13 08:36:56', 'issuer': 'WR2'}, {'url': 'api.whatsapp.com', 'status_code': 'FAILED', 'ssl_status': 'unknown', 'expiration_date': 'unknown', 'issuer': 'unknown'}, {'url': 'goo.gl', 'status_code': 'OK', 'ssl_status': 'valid', 'expiration_date': '2025-01-13 08:36:56', 'issuer': 'WR2'}, {'url': 'wordpress.org', 'status_code': 'OK', 'ssl_status': 'valid', 'expiration_date': '2025-03-02 18:23:41', 'issuer': 'E6'}, {'url': 'adobe.com', 'status_code': 'FAILED', 'ssl_status': 'unknown', 'expiration_date': 'unknown', 'issuer': 'unknown'}, {'url': 'wordpress.com', 'status_code': 'OK', 'ssl_status': 'valid', 'expiration_date': '2025-02-11 13:10:36', 'issuer': 'E5'}, {'url': 'miit.gov.cn', 'status_code': 'FAILED', 'ssl_status': 'unknown', 'expiration_date': 'unknown', 'issuer': 'unknown'}, {'url': 'plus.google.com', 'status_code': 'OK', 'ssl_status': 'valid', 'expiration_date': '2025-01-13 08:36:56', 'issuer': 'WR2'}, {'url': 'tiktok.com', 'status_code': 'OK', 'ssl_status': 'valid', 'expiration_date': '2025-08-26 23:59:59', 'issuer': 'RapidSSL TLS RSA CA G1'}, {'url': 'x.com', 'status_code': 'OK', 'ssl_status': 'valid', 'expiration_date': '2025-09-29 23:59:59', 'issuer': 'DigiCert Global G2 TLS RSA SHA256 2020 CA1'}, {'url': 'mozilla.org', 'status_code': 'OK', 'ssl_status': 'valid', 'expiration_date': '2025-02-13 14:40:25', 'issuer': 'WR3'}, {'url': 'tumblr.com', 'status_code': 'OK', 'ssl_status': 'valid', 'expiration_date': '2025-03-26 23:59:59', 'issuer': 'Sectigo ECC Domain Validation Secure Server CA'}, {'url': 'amazon.com', 'status_code': 'FAILED', 'ssl_status': 'unknown', 'expiration_date': 'unknown', 'issuer': 'unknown'}, {'url': 'github.io', 'status_code': 'OK', 'ssl_status': 'valid', 'expiration_date': '2025-03-14 23:59:59', 'issuer': 'DigiCert Global G2 TLS RSA SHA256 2020 CA1'}, {'url': 'player.vimeo.com', 'status_code': 'OK', 'ssl_status': 'valid', 'expiration_date': '2025-02-21 10:29:55', 'issuer': 'WE1'}, {'url': 'blogspot.com', 'status_code': 'OK', 'ssl_status': 'valid', 'expiration_date': '2025-01-13 08:37:37', 'issuer': 'WR2'}, {'url': 'forms.gle', 'status_code': 'FAILED', 'ssl_status': 'unknown', 'expiration_date': 'unknown', 'issuer': 'unknown'}, {'url': 'policies.google.com', 'status_code': 'OK', 'ssl_status': 'valid', 'expiration_date': '2025-01-13 08:36:56', 'issuer': 'WR2'}, {'url': 'apache.org', 'status_code': 'OK', 'ssl_status': 'valid', 'expiration_date': '2025-01-20 07:42:40', 'issuer': 'R10'}, {'url': 'docs.google.com', 'status_code': 'OK', 'ssl_status': 'valid', 'expiration_date': '2025-01-13 08:36:56', 'issuer': 'WR2'}, {'url': 'cloudflare.com', 'status_code': 'OK', 'ssl_status': 'valid', 'expiration_date': '2025-03-09 00:31:24', 'issuer': 'WE1'}, {'url': 'drive.google.com', 'status_code': 'OK', 'ssl_status': 'valid', 'expiration_date': '2025-01-13 08:36:56', 'issuer': 'WR2'}, {'url': 'wa.me', 'status_code': 'OK', 'ssl_status': 'valid', 'expiration_date': '2024-12-16 23:59:59', 'issuer': 'DigiCert SHA2 High Assurance Server CA'}, {'url': 'medium.com', 'status_code': 'OK', 'ssl_status': 'valid', 'expiration_date': '2025-02-23 18:56:38', 'issuer': 'WE1'}, {'url': 'whatsapp.com', 'status_code': 'OK', 'ssl_status': 'valid', 'expiration_date': '2024-12-16 23:59:59', 'issuer': 'DigiCert SHA2 High Assurance Server CA'}, {'url': 'nginx.org', 'status_code': 'OK', 'ssl_status': 'valid', 'expiration_date': '2025-02-02 08:59:20', 'issuer': 'R11'}, {'url': 'w3.org', 'status_code': 'OK', 'ssl_status': 'valid', 'expiration_date': '2025-02-24 00:13:54', 'issuer': 'WE1'}, {'url': 'play.google.com', 'status_code': 'OK', 'ssl_status': 'valid', 'expiration_date': '2025-01-13 08:36:56', 'issuer': 'WR2'}, {'url': 't.me', 'status_code': 'OK', 'ssl_status': 'valid', 'expiration_date': '2025-11-07 19:51:28', 'issuer': 'Go Daddy Secure Certificate Authority - G2'}, {'url': 'soundcloud.com', 'status_code': 'OK', 'ssl_status': 'valid', 'expiration_date': '2025-03-09 12:22:14', 'issuer': 'GlobalSign GCC R3 DV TLS CA 2020'}, {'url': 'httpd.apache.org', 'status_code': 'OK', 'ssl_status': 'valid', 'expiration_date': '2025-03-03 07:48:08', 'issuer': 'R10'}, {'url': 'archive.org', 'status_code': 'OK', 'ssl_status': 'valid', 'expiration_date': '2025-01-23 14:17:22', 'issuer': 'Go Daddy Secure Certificate Authority - G2'}, {'url': 'tinyurl.com', 'status_code': 'OK', 'ssl_status': 'valid', 'expiration_date': '2025-02-21 00:39:02', 'issuer': 'WE1'}, {'url': 'office.com', 'status_code': 'OK', 'ssl_status': 'valid', 'expiration_date': '2025-09-13 16:26:36', 'issuer': 'Microsoft Azure RSA TLS Issuing CA 04'}, {'url': 'maps.app.goo.gl', 'status_code': 'FAILED', 'ssl_status': 'unknown', 'expiration_date': 'unknown', 'issuer': 'unknown'}, {'url': 'nytimes.com', 'status_code': 'OK', 'ssl_status': 'valid', 'expiration_date': '2025-03-13 23:59:59', 'issuer': 'Thawte RSA CA 2018'}, {'url': 'baidu.com', 'status_code': 'OK', 'ssl_status': 'valid', 'expiration_date': '2025-03-01 23:59:59', 'issuer': 'DigiCert Secure Site Pro CN CA G3'}, {'url': 'spotify.com', 'status_code': 'OK', 'ssl_status': 'valid', 'expiration_date': '2025-02-04 23:59:59', 'issuer': 'DigiCert Global G2 TLS RSA SHA256 2020 CA1'}, {'url': 'issuu.com', 'status_code': 'FAILED', 'ssl_status': 'unknown', 'expiration_date': 'unknown', 'issuer': 'unknown'}, {'url': 'nih.gov', 'status_code': 'FAILED', 'ssl_status': 'unknown', 'expiration_date': 'unknown', 'issuer': 'unknown'}, {'url': 'm.facebook.com', 'status_code': 'OK', 'ssl_status': 'valid', 'expiration_date': '2024-12-16 23:59:59', 'issuer': 'DigiCert SHA2 High Assurance Server CA'}, {'url': 'reddit.com', 'status_code': 'OK', 'ssl_status': 'valid', 'expiration_date': '2025-04-11 23:59:59', 'issuer': 'DigiCert TLS RSA SHA256 2020 CA1'}, {'url': 't.co', 'status_code': 'OK', 'ssl_status': 'valid', 'expiration_date': '2025-02-24 14:17:08', 'issuer': 'E6'}, {'url': 'forbes.com', 'status_code': 'OK', 'ssl_status': 'valid', 'expiration_date': '2025-04-07 18:51:31', 'issuer': 'GlobalSign Atlas R3 DV TLS CA 2024 Q1'}, {'url': 'sciencedirect.com', 'status_code': 'FAILED', 'ssl_status': 'unknown', 'expiration_date': 'unknown', 'issuer': 'unknown'}, {'url': 'gravatar.com', 'status_code': 'OK', 'ssl_status': 'valid', 'expiration_date': '2025-01-04 23:59:59', 'issuer': 'Sectigo ECC Domain Validation Secure Server CA'}, {'url': 'live.com', 'status_code': 'OK', 'ssl_status': 'valid', 'expiration_date': '2025-03-10 23:59:59', 'issuer': 'DigiCert Cloud Services CA-1'}, {'url': 'bbc.co.uk', 'status_code': 'OK', 'ssl_status': 'valid', 'expiration_date': '2025-07-19 06:26:04', 'issuer': 'GlobalSign RSA OV SSL CA 2018'}, {'url': 'flickr.com', 'status_code': 'OK', 'ssl_status': 'valid', 'expiration_date': '2025-03-04 23:59:59', 'issuer': 'Amazon RSA 2048 M02'}, {'url': 'cnn.com', 'status_code': 'OK', 'ssl_status': 'valid', 'expiration_date': '2025-10-29 19:18:29', 'issuer': 'GlobalSign Atlas R3 DV TLS CA 2024 Q3'}, {'url': 'open.spotify.com', 'status_code': 'OK', 'ssl_status': 'valid', 'expiration_date': '2025-01-07 00:16:47', 'issuer': 'Certainly Intermediate R1'}, {'url': 'theguardian.com', 'status_code': 'OK', 'ssl_status': 'valid', 'expiration_date': '2025-10-18 10:57:40', 'issuer': 'GlobalSign Atlas R3 DV TLS CA 2024 Q3'}, {'url': 'web.archive.org', 'status_code': 'OK', 'ssl_status': 'valid', 'expiration_date': '2025-01-23 14:17:22', 'issuer': 'Go Daddy Secure Certificate Authority - G2'}, {'url': 'opera.com', 'status_code': 'OK', 'ssl_status': 'valid', 'expiration_date': '2025-01-09 23:59:59', 'issuer': 'DigiCert TLS Hybrid ECC SHA384 2020 CA1'}, {'url': 'paypal.com', 'status_code': 'OK', 'ssl_status': 'valid', 'expiration_date': '2025-08-06 23:59:59', 'issuer': 'DigiCert SHA2 Extended Validation Server CA'}, {'url': 'who.int', 'status_code': 'OK', 'ssl_status': 'valid', 'expiration_date': '2025-01-18 07:41:00', 'issuer': 'WE1'}, {'url': 'vk.com', 'status_code': 'OK', 'ssl_status': 'failed', 'expiration_date': 'unknown', 'issuer': 'unknown'}, {'url': 'qq.com', 'status_code': 'FAILED', 'ssl_status': 'unknown', 'expiration_date': 'unknown', 'issuer': 'unknown'}, {'url': 'www.ncbi.nlm.nih.gov', 'status_code': 'OK', 'ssl_status': 'valid', 'expiration_date': '2025-08-02 21:41:30', 'issuer': 'Go Daddy Secure Certificate Authority - G2'}, {'url': 'zoom.us', 'status_code': 'OK', 'ssl_status': 'valid', 'expiration_date': '2025-04-05 23:59:59', 'issuer': 'DigiCert Global G2 TLS RSA SHA256 2020 CA1'}, {'url': 'doi.org', 'status_code': 'OK', 'ssl_status': 'valid', 'expiration_date': '2025-03-04 12:46:33', 'issuer': 'WE1'}, {'url': 'sourceforge.net', 'status_code': 'OK', 'ssl_status': 'valid', 'expiration_date': '2025-02-25 15:43:08', 'issuer': 'E5'}, {'url': 'creativecommons.org', 'status_code': 'OK', 'ssl_status': 'valid', 'expiration_date': '2025-02-18 03:18:38', 'issuer': 'WE1'}, {'url': 'sites.google.com', 'status_code': 'OK', 'ssl_status': 'valid', 'expiration_date': '2025-01-13 08:36:56', 'issuer': 'WR2'}, {'url': 'weebly.com', 'status_code': 'OK', 'ssl_status': 'valid', 'expiration_date': '2025-01-26 18:44:57', 'issuer': 'E5'}, {'url': 'youtube-nocookie.com', 'status_code': 'FAILED', 'ssl_status': 'unknown', 'expiration_date': 'unknown', 'issuer': 'unknown'}, {'url': 'itunes.apple.com', 'status_code': 'OK', 'ssl_status': 'valid', 'expiration_date': '2025-04-02 18:31:05', 'issuer': 'Apple Public EV Server RSA CA 2 - G1'}, {'url': 'harvard.edu', 'status_code': 'OK', 'ssl_status': 'valid', 'expiration_date': '2025-01-26 15:24:12', 'issuer': 'E5'}, {'url': 'googleblog.com', 'status_code': 'OK', 'ssl_status': 'valid', 'expiration_date': '2025-01-13 08:37:12', 'issuer': 'WR2'}, {'url': 'nginx.com', 'status_code': 'FAILED', 'ssl_status': 'unknown', 'expiration_date': 'unknown', 'issuer': 'unknown'}, {'url': 'f5.com', 'status_code': 'FAILED', 'ssl_status': 'unknown', 'expiration_date': 'unknown', 'issuer': 'unknown'}, {'url': 'europa.eu', 'status_code': 'OK', 'ssl_status': 'valid', 'expiration_date': '2025-08-10 12:06:07', 'issuer': 'GlobalSign RSA OV SSL CA 2018'}, {'url': 'macromedia.com', 'status_code': 'FAILED', 'ssl_status': 'unknown', 'expiration_date': 'unknown', 'issuer': 'unknown'}, {'url': 'apps.apple.com', 'status_code': 'OK', 'ssl_status': 'valid', 'expiration_date': '2025-04-02 18:31:05', 'issuer': 'Apple Public EV Server RSA CA 2 - G1'}, {'url': 'beian.miit.gov.cn', 'status_code': 'FAILED', 'ssl_status': 'unknown', 'expiration_date': 'unknown', 'issuer': 'unknown'}, {'url': 'wikipedia.org', 'status_code': 'OK', 'ssl_status': 'valid', 'expiration_date': '2025-10-17 23:59:59', 'issuer': 'DigiCert TLS Hybrid ECC SHA384 2020 CA1'}, {'url': 'yahoo.com', 'status_code': 'OK', 'ssl_status': 'valid', 'expiration_date': '2025-01-15 23:59:59', 'issuer': 'DigiCert SHA2 High Assurance Server CA'}, {'url': 'dropbox.com', 'status_code': 'OK', 'ssl_status': 'valid', 'expiration_date': '2025-12-08 23:59:59', 'issuer': 'DigiCert TLS RSA SHA256 2020 CA1'}, {'url': 'amazonaws.com', 'status_code': 'OK', 'ssl_status': 'failed', 'expiration_date': 'unknown', 'issuer': 'unknown'}, {'url': 'ec.europa.eu', 'status_code': 'OK', 'ssl_status': 'valid', 'expiration_date': '2025-08-03 13:21:01', 'issuer': 'GlobalSign RSA OV SSL CA 2018'}]
