2024-12-09 21:24:13 - DEBUG - [login.py:26] - check_login - Checking login for user: raziel
2024-12-09 21:24:49 - DEBUG - [domains_check_MT.py:55] - check_certificate - Checking SSL certificate for: google.com
2024-12-09 21:24:50 - DEBUG - [domains_check_MT.py:49] - check_url - Added result to analyzed queue: {'url': 'google.com', 'status_code': 'OK', 'ssl_status': 'valid', 'expiration_date': '2025-01-13 08:36:56', 'issuer': 'WR2'}
2024-12-09 21:24:50 - DEBUG - [domains_check_MT.py:95] - check_url_mt - Processed result: {'url': 'google.com', 'status_code': 'OK', 'ssl_status': 'valid', 'expiration_date': '2025-01-13 08:36:56', 'issuer': 'WR2'}
2024-12-09 21:31:48 - DEBUG - [domains_check_MT.py:55] - check_certificate - Checking SSL certificate for: google.com
2024-12-09 21:31:48 - DEBUG - [domains_check_MT.py:55] - check_certificate - Checking SSL certificate for: facebook.com
2024-12-09 21:31:48 - DEBUG - [domains_check_MT.py:55] - check_certificate - Checking SSL certificate for: youtube.com
2024-12-09 21:31:48 - DEBUG - [domains_check_MT.py:55] - check_certificate - Checking SSL certificate for: twitter.com
2024-12-09 21:31:48 - DEBUG - [domains_check_MT.py:55] - check_certificate - Checking SSL certificate for: instagram.com
2024-12-09 21:31:48 - DEBUG - [domains_check_MT.py:55] - check_certificate - Checking SSL certificate for: linkedin.com
2024-12-09 21:31:48 - DEBUG - [domains_check_MT.py:55] - check_certificate - Checking SSL certificate for: apple.com
2024-12-09 21:31:48 - DEBUG - [domains_check_MT.py:55] - check_certificate - Checking SSL certificate for: googletagmanager.com
2024-12-09 21:31:48 - DEBUG - [domains_check_MT.py:55] - check_certificate - Checking SSL certificate for: microsoft.com
2024-12-09 21:31:48 - DEBUG - [domains_check_MT.py:55] - check_certificate - Checking SSL certificate for: wikipedia.org
2024-12-09 21:31:48 - DEBUG - [domains_check_MT.py:55] - check_certificate - Checking SSL certificate for: wordpress.org
2024-12-09 21:31:48 - DEBUG - [domains_check_MT.py:55] - check_certificate - Checking SSL certificate for: youtu.be
2024-12-09 21:31:48 - DEBUG - [domains_check_MT.py:55] - check_certificate - Checking SSL certificate for: github.com
2024-12-09 21:31:48 - DEBUG - [domains_check_MT.py:55] - check_certificate - Checking SSL certificate for: en.wikipedia.org
2024-12-09 21:31:48 - DEBUG - [domains_check_MT.py:55] - check_certificate - Checking SSL certificate for: play.google.com
2024-12-09 21:31:48 - DEBUG - [domains_check_MT.py:55] - check_certificate - Checking SSL certificate for: pinterest.com
2024-12-09 21:31:48 - DEBUG - [domains_check_MT.py:55] - check_certificate - Checking SSL certificate for: goo.gl
2024-12-09 21:31:48 - DEBUG - [domains_check_MT.py:55] - check_certificate - Checking SSL certificate for: maps.google.com
2024-12-09 21:31:48 - DEBUG - [domains_check_MT.py:55] - check_certificate - Checking SSL certificate for: vimeo.com
2024-12-09 21:31:48 - DEBUG - [domains_check_MT.py:55] - check_certificate - Checking SSL certificate for: docs.google.com
2024-12-09 21:31:48 - DEBUG - [domains_check_MT.py:55] - check_certificate - Checking SSL certificate for: bit.ly
2024-12-09 21:31:48 - DEBUG - [domains_check_MT.py:55] - check_certificate - Checking SSL certificate for: apps.apple.com
2024-12-09 21:31:49 - DEBUG - [domains_check_MT.py:55] - check_certificate - Checking SSL certificate for: adobe.com
2024-12-09 21:31:49 - DEBUG - [domains_check_MT.py:55] - check_certificate - Checking SSL certificate for: wordpress.com
2024-12-09 21:31:49 - DEBUG - [domains_check_MT.py:55] - check_certificate - Checking SSL certificate for: amazon.com
2024-12-09 21:31:49 - DEBUG - [domains_check_MT.py:55] - check_certificate - Checking SSL certificate for: plus.google.com
2024-12-09 21:31:49 - DEBUG - [domains_check_MT.py:55] - check_certificate - Checking SSL certificate for: whatsapp.com
2024-12-09 21:31:49 - DEBUG - [domains_check_MT.py:55] - check_certificate - Checking SSL certificate for: player.vimeo.com
2024-12-09 21:31:49 - DEBUG - [domains_check_MT.py:55] - check_certificate - Checking SSL certificate for: blogspot.com
2024-12-09 21:31:49 - DEBUG - [domains_check_MT.py:55] - check_certificate - Checking SSL certificate for: drive.google.com
2024-12-09 21:31:49 - DEBUG - [domains_check_MT.py:55] - check_certificate - Checking SSL certificate for: mozilla.org
2024-12-09 21:31:49 - DEBUG - [domains_check_MT.py:55] - check_certificate - Checking SSL certificate for: api.whatsapp.com
2024-12-09 21:31:49 - DEBUG - [domains_check_MT.py:55] - check_certificate - Checking SSL certificate for: europa.eu
2024-12-09 21:31:49 - DEBUG - [domains_check_MT.py:55] - check_certificate - Checking SSL certificate for: itunes.apple.com
2024-12-09 21:31:49 - DEBUG - [domains_check_MT.py:55] - check_certificate - Checking SSL certificate for: tiktok.com
2024-12-09 21:31:49 - DEBUG - [domains_check_MT.py:55] - check_certificate - Checking SSL certificate for: x.com
2024-12-09 21:31:49 - DEBUG - [domains_check_MT.py:55] - check_certificate - Checking SSL certificate for: policies.google.com
2024-12-09 21:31:49 - DEBUG - [domains_check_MT.py:55] - check_certificate - Checking SSL certificate for: wa.me
2024-12-09 21:31:49 - DEBUG - [domains_check_MT.py:55] - check_certificate - Checking SSL certificate for: macromedia.com
2024-12-09 21:31:49 - DEBUG - [domains_check_MT.py:55] - check_certificate - Checking SSL certificate for: yahoo.com
2024-12-09 21:31:49 - DEBUG - [domains_check_MT.py:55] - check_certificate - Checking SSL certificate for: reddit.com
2024-12-09 21:31:49 - DEBUG - [domains_check_MT.py:55] - check_certificate - Checking SSL certificate for: tumblr.com
2024-12-09 21:31:49 - DEBUG - [domains_check_MT.py:55] - check_certificate - Checking SSL certificate for: t.me
2024-12-09 21:31:49 - DEBUG - [domains_check_MT.py:55] - check_certificate - Checking SSL certificate for: gravatar.com
2024-12-09 21:31:49 - DEBUG - [domains_check_MT.py:55] - check_certificate - Checking SSL certificate for: nih.gov
2024-12-09 21:31:49 - DEBUG - [domains_check_MT.py:55] - check_certificate - Checking SSL certificate for: github.io
2024-12-09 21:31:49 - DEBUG - [domains_check_MT.py:55] - check_certificate - Checking SSL certificate for: forms.gle
2024-12-09 21:31:49 - DEBUG - [domains_check_MT.py:55] - check_certificate - Checking SSL certificate for: apache.org
2024-12-09 21:31:49 - DEBUG - [domains_check_MT.py:55] - check_certificate - Checking SSL certificate for: cloudflare.com
2024-12-09 21:31:49 - DEBUG - [domains_check_MT.py:55] - check_certificate - Checking SSL certificate for: qq.com
2024-12-09 21:31:49 - DEBUG - [domains_check_MT.py:55] - check_certificate - Checking SSL certificate for: amazonaws.com
2024-12-09 21:31:49 - DEBUG - [domains_check_MT.py:55] - check_certificate - Checking SSL certificate for: spotify.com
2024-12-09 21:31:49 - DEBUG - [domains_check_MT.py:55] - check_certificate - Checking SSL certificate for: flickr.com
2024-12-09 21:31:50 - DEBUG - [domains_check_MT.py:55] - check_certificate - Checking SSL certificate for: miit.gov.cn
2024-12-09 21:31:50 - DEBUG - [domains_check_MT.py:55] - check_certificate - Checking SSL certificate for: nytimes.com
2024-12-09 21:31:50 - DEBUG - [domains_check_MT.py:55] - check_certificate - Checking SSL certificate for: sites.google.com
2024-12-09 21:31:50 - DEBUG - [domains_check_MT.py:55] - check_certificate - Checking SSL certificate for: medium.com
2024-12-09 21:31:50 - DEBUG - [domains_check_MT.py:55] - check_certificate - Checking SSL certificate for: ec.europa.eu
2024-12-09 21:31:50 - DEBUG - [domains_check_MT.py:55] - check_certificate - Checking SSL certificate for: beian.miit.gov.cn
2024-12-09 21:31:50 - DEBUG - [domains_check_MT.py:55] - check_certificate - Checking SSL certificate for: nginx.org
2024-12-09 21:31:50 - DEBUG - [domains_check_MT.py:49] - check_url - Added result to analyzed queue: {'url': 'googletagmanager.com', 'status_code': 'FAILED', 'ssl_status': 'unknown', 'expiration_date': 'unknown', 'issuer': 'unknown'}
2024-12-09 21:31:50 - DEBUG - [domains_check_MT.py:55] - check_certificate - Checking SSL certificate for: archive.org
2024-12-09 21:31:50 - DEBUG - [domains_check_MT.py:55] - check_certificate - Checking SSL certificate for: maps.app.goo.gl
2024-12-09 21:31:50 - DEBUG - [domains_check_MT.py:55] - check_certificate - Checking SSL certificate for: f5.com
2024-12-09 21:31:50 - DEBUG - [domains_check_MT.py:55] - check_certificate - Checking SSL certificate for: open.spotify.com
2024-12-09 21:31:50 - DEBUG - [domains_check_MT.py:55] - check_certificate - Checking SSL certificate for: soundcloud.com
2024-12-09 21:31:50 - DEBUG - [domains_check_MT.py:55] - check_certificate - Checking SSL certificate for: office.com
2024-12-09 21:31:50 - DEBUG - [domains_check_MT.py:55] - check_certificate - Checking SSL certificate for: forbes.com
2024-12-09 21:31:50 - DEBUG - [domains_check_MT.py:55] - check_certificate - Checking SSL certificate for: nginx.com
2024-12-09 21:31:50 - DEBUG - [domains_check_MT.py:55] - check_certificate - Checking SSL certificate for: w3.org
2024-12-09 21:31:50 - DEBUG - [domains_check_MT.py:55] - check_certificate - Checking SSL certificate for: www.ncbi.nlm.nih.gov
2024-12-09 21:31:50 - DEBUG - [domains_check_MT.py:55] - check_certificate - Checking SSL certificate for: creativecommons.org
2024-12-09 21:31:50 - DEBUG - [domains_check_MT.py:55] - check_certificate - Checking SSL certificate for: zoom.us
2024-12-09 21:31:50 - DEBUG - [domains_check_MT.py:55] - check_certificate - Checking SSL certificate for: baidu.com
2024-12-09 21:31:50 - DEBUG - [domains_check_MT.py:55] - check_certificate - Checking SSL certificate for: theguardian.com
2024-12-09 21:31:50 - DEBUG - [domains_check_MT.py:55] - check_certificate - Checking SSL certificate for: t.co
2024-12-09 21:31:50 - DEBUG - [domains_check_MT.py:55] - check_certificate - Checking SSL certificate for: httpd.apache.org
2024-12-09 21:31:50 - DEBUG - [domains_check_MT.py:55] - check_certificate - Checking SSL certificate for: sourceforge.net
2024-12-09 21:31:50 - DEBUG - [domains_check_MT.py:55] - check_certificate - Checking SSL certificate for: paypal.com
2024-12-09 21:31:50 - DEBUG - [domains_check_MT.py:55] - check_certificate - Checking SSL certificate for: sciencedirect.com
2024-12-09 21:31:50 - DEBUG - [domains_check_MT.py:55] - check_certificate - Checking SSL certificate for: cnn.com
2024-12-09 21:31:51 - DEBUG - [domains_check_MT.py:55] - check_certificate - Checking SSL certificate for: dropbox.com
2024-12-09 21:31:51 - DEBUG - [domains_check_MT.py:55] - check_certificate - Checking SSL certificate for: web.archive.org
2024-12-09 21:31:51 - DEBUG - [domains_check_MT.py:55] - check_certificate - Checking SSL certificate for: who.int
2024-12-09 21:31:51 - DEBUG - [domains_check_MT.py:55] - check_certificate - Checking SSL certificate for: doi.org
2024-12-09 21:31:51 - DEBUG - [domains_check_MT.py:55] - check_certificate - Checking SSL certificate for: googleblog.com
2024-12-09 21:31:51 - DEBUG - [domains_check_MT.py:55] - check_certificate - Checking SSL certificate for: m.facebook.com
2024-12-09 21:31:51 - DEBUG - [domains_check_MT.py:55] - check_certificate - Checking SSL certificate for: opera.com
2024-12-09 21:31:51 - DEBUG - [domains_check_MT.py:55] - check_certificate - Checking SSL certificate for: vk.com
2024-12-09 21:31:51 - DEBUG - [domains_check_MT.py:55] - check_certificate - Checking SSL certificate for: live.com
2024-12-09 21:31:51 - DEBUG - [domains_check_MT.py:55] - check_certificate - Checking SSL certificate for: tinyurl.com
2024-12-09 21:31:51 - DEBUG - [domains_check_MT.py:55] - check_certificate - Checking SSL certificate for: bbc.co.uk
2024-12-09 21:31:51 - DEBUG - [domains_check_MT.py:49] - check_url - Added result to analyzed queue: {'url': 'github.com', 'status_code': 'OK', 'ssl_status': 'valid', 'expiration_date': '2025-03-07 23:59:59', 'issuer': 'Sectigo ECC Domain Validation Secure Server CA'}
2024-12-09 21:31:51 - DEBUG - [domains_check_MT.py:55] - check_certificate - Checking SSL certificate for: issuu.com
2024-12-09 21:31:51 - DEBUG - [domains_check_MT.py:55] - check_certificate - Checking SSL certificate for: youtube-nocookie.com
2024-12-09 21:31:51 - DEBUG - [domains_check_MT.py:49] - check_url - Added result to analyzed queue: {'url': 'apple.com', 'status_code': 'OK', 'ssl_status': 'valid', 'expiration_date': '2025-02-12 20:09:50', 'issuer': 'Apple Public EV Server ECC CA 1 - G1'}
2024-12-09 21:31:51 - DEBUG - [domains_check_MT.py:55] - check_certificate - Checking SSL certificate for: weebly.com
2024-12-09 21:31:51 - DEBUG - [domains_check_MT.py:55] - check_certificate - Checking SSL certificate for: harvard.edu
2024-12-09 21:31:51 - DEBUG - [domains_check_MT.py:49] - check_url - Added result to analyzed queue: {'url': 'google.com', 'status_code': 'OK', 'ssl_status': 'valid', 'expiration_date': '2025-01-13 08:36:56', 'issuer': 'WR2'}
2024-12-09 21:31:51 - DEBUG - [domains_check_MT.py:49] - check_url - Added result to analyzed queue: {'url': 'linkedin.com', 'status_code': 'OK', 'ssl_status': 'valid', 'expiration_date': '2025-04-14 23:59:59', 'issuer': 'DigiCert SHA2 Secure Server CA'}
2024-12-09 21:31:51 - DEBUG - [domains_check_MT.py:49] - check_url - Added result to analyzed queue: {'url': 'facebook.com', 'status_code': 'OK', 'ssl_status': 'valid', 'expiration_date': '2024-12-16 23:59:59', 'issuer': 'DigiCert SHA2 High Assurance Server CA'}
2024-12-09 21:31:51 - DEBUG - [domains_check_MT.py:49] - check_url - Added result to analyzed queue: {'url': 'youtube.com', 'status_code': 'OK', 'ssl_status': 'valid', 'expiration_date': '2025-01-13 08:36:56', 'issuer': 'WR2'}
2024-12-09 21:31:51 - DEBUG - [domains_check_MT.py:49] - check_url - Added result to analyzed queue: {'url': 'microsoft.com', 'status_code': 'OK', 'ssl_status': 'valid', 'expiration_date': '2025-06-02 08:28:24', 'issuer': 'Microsoft Azure RSA TLS Issuing CA 08'}
2024-12-09 21:31:52 - DEBUG - [domains_check_MT.py:49] - check_url - Added result to analyzed queue: {'url': 'twitter.com', 'status_code': 'OK', 'ssl_status': 'valid', 'expiration_date': '2025-09-29 23:59:59', 'issuer': 'DigiCert Global G2 TLS RSA SHA256 2020 CA1'}
2024-12-09 21:31:52 - DEBUG - [domains_check_MT.py:49] - check_url - Added result to analyzed queue: {'url': 'instagram.com', 'status_code': 'OK', 'ssl_status': 'valid', 'expiration_date': '2024-12-16 23:59:59', 'issuer': 'DigiCert SHA2 High Assurance Server CA'}
2024-12-09 21:31:52 - DEBUG - [domains_check_MT.py:49] - check_url - Added result to analyzed queue: {'url': 'youtu.be', 'status_code': 'OK', 'ssl_status': 'valid', 'expiration_date': '2025-01-13 08:36:56', 'issuer': 'WR2'}
2024-12-09 21:31:52 - DEBUG - [domains_check_MT.py:49] - check_url - Added result to analyzed queue: {'url': 'en.wikipedia.org', 'status_code': 'OK', 'ssl_status': 'valid', 'expiration_date': '2025-10-17 23:59:59', 'issuer': 'DigiCert TLS Hybrid ECC SHA384 2020 CA1'}
2024-12-09 21:31:52 - DEBUG - [domains_check_MT.py:49] - check_url - Added result to analyzed queue: {'url': 'pinterest.com', 'status_code': 'OK', 'ssl_status': 'valid', 'expiration_date': '2025-08-07 23:59:59', 'issuer': 'DigiCert Global G2 TLS RSA SHA256 2020 CA1'}
2024-12-09 21:31:53 - DEBUG - [domains_check_MT.py:49] - check_url - Added result to analyzed queue: {'url': 'bit.ly', 'status_code': 'OK', 'ssl_status': 'valid', 'expiration_date': '2025-05-06 23:59:59', 'issuer': 'DigiCert EV RSA CA G2'}
2024-12-09 21:31:53 - DEBUG - [domains_check_MT.py:49] - check_url - Added result to analyzed queue: {'url': 'vimeo.com', 'status_code': 'OK', 'ssl_status': 'valid', 'expiration_date': '2025-02-21 10:29:55', 'issuer': 'WE1'}
2024-12-09 21:31:53 - DEBUG - [domains_check_MT.py:49] - check_url - Added result to analyzed queue: {'url': 'maps.google.com', 'status_code': 'OK', 'ssl_status': 'valid', 'expiration_date': '2025-01-13 08:36:56', 'issuer': 'WR2'}
2024-12-09 21:31:53 - DEBUG - [domains_check_MT.py:49] - check_url - Added result to analyzed queue: {'url': 'api.whatsapp.com', 'status_code': 'FAILED', 'ssl_status': 'unknown', 'expiration_date': 'unknown', 'issuer': 'unknown'}
2024-12-09 21:31:53 - DEBUG - [domains_check_MT.py:49] - check_url - Added result to analyzed queue: {'url': 'goo.gl', 'status_code': 'OK', 'ssl_status': 'valid', 'expiration_date': '2025-01-13 08:36:56', 'issuer': 'WR2'}
2024-12-09 21:31:53 - DEBUG - [domains_check_MT.py:49] - check_url - Added result to analyzed queue: {'url': 'wordpress.org', 'status_code': 'OK', 'ssl_status': 'valid', 'expiration_date': '2025-03-02 18:23:41', 'issuer': 'E6'}
2024-12-09 21:31:53 - DEBUG - [domains_check_MT.py:49] - check_url - Added result to analyzed queue: {'url': 'adobe.com', 'status_code': 'FAILED', 'ssl_status': 'unknown', 'expiration_date': 'unknown', 'issuer': 'unknown'}
2024-12-09 21:31:53 - DEBUG - [domains_check_MT.py:49] - check_url - Added result to analyzed queue: {'url': 'wordpress.com', 'status_code': 'OK', 'ssl_status': 'valid', 'expiration_date': '2025-02-11 13:10:36', 'issuer': 'E5'}
2024-12-09 21:31:53 - DEBUG - [domains_check_MT.py:49] - check_url - Added result to analyzed queue: {'url': 'miit.gov.cn', 'status_code': 'FAILED', 'ssl_status': 'unknown', 'expiration_date': 'unknown', 'issuer': 'unknown'}
2024-12-09 21:31:53 - DEBUG - [domains_check_MT.py:49] - check_url - Added result to analyzed queue: {'url': 'plus.google.com', 'status_code': 'OK', 'ssl_status': 'valid', 'expiration_date': '2025-01-13 08:36:56', 'issuer': 'WR2'}
2024-12-09 21:31:53 - DEBUG - [domains_check_MT.py:49] - check_url - Added result to analyzed queue: {'url': 'tiktok.com', 'status_code': 'OK', 'ssl_status': 'valid', 'expiration_date': '2025-08-26 23:59:59', 'issuer': 'RapidSSL TLS RSA CA G1'}
2024-12-09 21:31:53 - DEBUG - [domains_check_MT.py:49] - check_url - Added result to analyzed queue: {'url': 'x.com', 'status_code': 'OK', 'ssl_status': 'valid', 'expiration_date': '2025-09-29 23:59:59', 'issuer': 'DigiCert Global G2 TLS RSA SHA256 2020 CA1'}
2024-12-09 21:31:53 - DEBUG - [domains_check_MT.py:49] - check_url - Added result to analyzed queue: {'url': 'mozilla.org', 'status_code': 'OK', 'ssl_status': 'valid', 'expiration_date': '2025-02-13 14:40:25', 'issuer': 'WR3'}
2024-12-09 21:31:53 - DEBUG - [domains_check_MT.py:49] - check_url - Added result to analyzed queue: {'url': 'tumblr.com', 'status_code': 'OK', 'ssl_status': 'valid', 'expiration_date': '2025-03-26 23:59:59', 'issuer': 'Sectigo ECC Domain Validation Secure Server CA'}
2024-12-09 21:31:53 - DEBUG - [domains_check_MT.py:49] - check_url - Added result to analyzed queue: {'url': 'amazon.com', 'status_code': 'FAILED', 'ssl_status': 'unknown', 'expiration_date': 'unknown', 'issuer': 'unknown'}
2024-12-09 21:31:53 - DEBUG - [domains_check_MT.py:49] - check_url - Added result to analyzed queue: {'url': 'github.io', 'status_code': 'OK', 'ssl_status': 'valid', 'expiration_date': '2025-03-14 23:59:59', 'issuer': 'DigiCert Global G2 TLS RSA SHA256 2020 CA1'}
2024-12-09 21:31:53 - DEBUG - [domains_check_MT.py:49] - check_url - Added result to analyzed queue: {'url': 'player.vimeo.com', 'status_code': 'OK', 'ssl_status': 'valid', 'expiration_date': '2025-02-21 10:29:55', 'issuer': 'WE1'}
2024-12-09 21:31:53 - DEBUG - [domains_check_MT.py:49] - check_url - Added result to analyzed queue: {'url': 'blogspot.com', 'status_code': 'OK', 'ssl_status': 'valid', 'expiration_date': '2025-01-13 08:37:37', 'issuer': 'WR2'}
2024-12-09 21:31:53 - DEBUG - [domains_check_MT.py:49] - check_url - Added result to analyzed queue: {'url': 'forms.gle', 'status_code': 'FAILED', 'ssl_status': 'unknown', 'expiration_date': 'unknown', 'issuer': 'unknown'}
2024-12-09 21:31:53 - DEBUG - [domains_check_MT.py:49] - check_url - Added result to analyzed queue: {'url': 'policies.google.com', 'status_code': 'OK', 'ssl_status': 'valid', 'expiration_date': '2025-01-13 08:36:56', 'issuer': 'WR2'}
2024-12-09 21:31:53 - DEBUG - [domains_check_MT.py:49] - check_url - Added result to analyzed queue: {'url': 'apache.org', 'status_code': 'OK', 'ssl_status': 'valid', 'expiration_date': '2025-01-20 07:42:40', 'issuer': 'R10'}
2024-12-09 21:31:53 - DEBUG - [domains_check_MT.py:49] - check_url - Added result to analyzed queue: {'url': 'docs.google.com', 'status_code': 'OK', 'ssl_status': 'valid', 'expiration_date': '2025-01-13 08:36:56', 'issuer': 'WR2'}
2024-12-09 21:31:53 - DEBUG - [domains_check_MT.py:49] - check_url - Added result to analyzed queue: {'url': 'cloudflare.com', 'status_code': 'OK', 'ssl_status': 'valid', 'expiration_date': '2025-03-09 00:31:24', 'issuer': 'WE1'}
2024-12-09 21:31:53 - DEBUG - [domains_check_MT.py:49] - check_url - Added result to analyzed queue: {'url': 'drive.google.com', 'status_code': 'OK', 'ssl_status': 'valid', 'expiration_date': '2025-01-13 08:36:56', 'issuer': 'WR2'}
2024-12-09 21:31:53 - DEBUG - [domains_check_MT.py:49] - check_url - Added result to analyzed queue: {'url': 'wa.me', 'status_code': 'OK', 'ssl_status': 'valid', 'expiration_date': '2024-12-16 23:59:59', 'issuer': 'DigiCert SHA2 High Assurance Server CA'}
2024-12-09 21:31:53 - DEBUG - [domains_check_MT.py:49] - check_url - Added result to analyzed queue: {'url': 'medium.com', 'status_code': 'OK', 'ssl_status': 'valid', 'expiration_date': '2025-02-23 18:56:38', 'issuer': 'WE1'}
2024-12-09 21:31:53 - DEBUG - [domains_check_MT.py:49] - check_url - Added result to analyzed queue: {'url': 'whatsapp.com', 'status_code': 'OK', 'ssl_status': 'valid', 'expiration_date': '2024-12-16 23:59:59', 'issuer': 'DigiCert SHA2 High Assurance Server CA'}
2024-12-09 21:31:53 - DEBUG - [domains_check_MT.py:49] - check_url - Added result to analyzed queue: {'url': 'nginx.org', 'status_code': 'OK', 'ssl_status': 'valid', 'expiration_date': '2025-02-02 08:59:20', 'issuer': 'R11'}
2024-12-09 21:31:53 - DEBUG - [domains_check_MT.py:49] - check_url - Added result to analyzed queue: {'url': 'w3.org', 'status_code': 'OK', 'ssl_status': 'valid', 'expiration_date': '2025-02-24 00:13:54', 'issuer': 'WE1'}
2024-12-09 21:31:53 - DEBUG - [domains_check_MT.py:49] - check_url - Added result to analyzed queue: {'url': 'play.google.com', 'status_code': 'OK', 'ssl_status': 'valid', 'expiration_date': '2025-01-13 08:36:56', 'issuer': 'WR2'}
2024-12-09 21:31:53 - DEBUG - [domains_check_MT.py:49] - check_url - Added result to analyzed queue: {'url': 't.me', 'status_code': 'OK', 'ssl_status': 'valid', 'expiration_date': '2025-11-07 19:51:28', 'issuer': 'Go Daddy Secure Certificate Authority - G2'}
2024-12-09 21:31:53 - DEBUG - [domains_check_MT.py:49] - check_url - Added result to analyzed queue: {'url': 'soundcloud.com', 'status_code': 'OK', 'ssl_status': 'valid', 'expiration_date': '2025-03-09 12:22:14', 'issuer': 'GlobalSign GCC R3 DV TLS CA 2020'}
2024-12-09 21:31:53 - DEBUG - [domains_check_MT.py:49] - check_url - Added result to analyzed queue: {'url': 'httpd.apache.org', 'status_code': 'OK', 'ssl_status': 'valid', 'expiration_date': '2025-03-03 07:48:08', 'issuer': 'R10'}
2024-12-09 21:31:53 - DEBUG - [domains_check_MT.py:49] - check_url - Added result to analyzed queue: {'url': 'archive.org', 'status_code': 'OK', 'ssl_status': 'valid', 'expiration_date': '2025-01-23 14:17:22', 'issuer': 'Go Daddy Secure Certificate Authority - G2'}
2024-12-09 21:31:53 - DEBUG - [domains_check_MT.py:49] - check_url - Added result to analyzed queue: {'url': 'tinyurl.com', 'status_code': 'OK', 'ssl_status': 'valid', 'expiration_date': '2025-02-21 00:39:02', 'issuer': 'WE1'}
2024-12-09 21:31:53 - DEBUG - [domains_check_MT.py:49] - check_url - Added result to analyzed queue: {'url': 'office.com', 'status_code': 'OK', 'ssl_status': 'valid', 'expiration_date': '2025-09-13 16:26:36', 'issuer': 'Microsoft Azure RSA TLS Issuing CA 04'}
2024-12-09 21:31:53 - DEBUG - [domains_check_MT.py:49] - check_url - Added result to analyzed queue: {'url': 'maps.app.goo.gl', 'status_code': 'FAILED', 'ssl_status': 'unknown', 'expiration_date': 'unknown', 'issuer': 'unknown'}
2024-12-09 21:31:53 - DEBUG - [domains_check_MT.py:49] - check_url - Added result to analyzed queue: {'url': 'nytimes.com', 'status_code': 'OK', 'ssl_status': 'valid', 'expiration_date': '2025-03-13 23:59:59', 'issuer': 'Thawte RSA CA 2018'}
2024-12-09 21:31:53 - DEBUG - [domains_check_MT.py:49] - check_url - Added result to analyzed queue: {'url': 'baidu.com', 'status_code': 'OK', 'ssl_status': 'valid', 'expiration_date': '2025-03-01 23:59:59', 'issuer': 'DigiCert Secure Site Pro CN CA G3'}
2024-12-09 21:31:53 - DEBUG - [domains_check_MT.py:49] - check_url - Added result to analyzed queue: {'url': 'spotify.com', 'status_code': 'OK', 'ssl_status': 'valid', 'expiration_date': '2025-02-04 23:59:59', 'issuer': 'DigiCert Global G2 TLS RSA SHA256 2020 CA1'}
2024-12-09 21:31:53 - DEBUG - [domains_check_MT.py:49] - check_url - Added result to analyzed queue: {'url': 'issuu.com', 'status_code': 'FAILED', 'ssl_status': 'unknown', 'expiration_date': 'unknown', 'issuer': 'unknown'}
2024-12-09 21:31:53 - DEBUG - [domains_check_MT.py:49] - check_url - Added result to analyzed queue: {'url': 'nih.gov', 'status_code': 'FAILED', 'ssl_status': 'unknown', 'expiration_date': 'unknown', 'issuer': 'unknown'}
2024-12-09 21:31:53 - DEBUG - [domains_check_MT.py:49] - check_url - Added result to analyzed queue: {'url': 'm.facebook.com', 'status_code': 'OK', 'ssl_status': 'valid', 'expiration_date': '2024-12-16 23:59:59', 'issuer': 'DigiCert SHA2 High Assurance Server CA'}
2024-12-09 21:31:53 - DEBUG - [domains_check_MT.py:49] - check_url - Added result to analyzed queue: {'url': 'reddit.com', 'status_code': 'OK', 'ssl_status': 'valid', 'expiration_date': '2025-04-11 23:59:59', 'issuer': 'DigiCert TLS RSA SHA256 2020 CA1'}
2024-12-09 21:31:53 - DEBUG - [domains_check_MT.py:49] - check_url - Added result to analyzed queue: {'url': 't.co', 'status_code': 'OK', 'ssl_status': 'valid', 'expiration_date': '2025-02-24 14:17:08', 'issuer': 'E6'}
2024-12-09 21:31:53 - DEBUG - [domains_check_MT.py:49] - check_url - Added result to analyzed queue: {'url': 'forbes.com', 'status_code': 'OK', 'ssl_status': 'valid', 'expiration_date': '2025-04-07 18:51:31', 'issuer': 'GlobalSign Atlas R3 DV TLS CA 2024 Q1'}
2024-12-09 21:31:53 - DEBUG - [domains_check_MT.py:49] - check_url - Added result to analyzed queue: {'url': 'sciencedirect.com', 'status_code': 'FAILED', 'ssl_status': 'unknown', 'expiration_date': 'unknown', 'issuer': 'unknown'}
2024-12-09 21:31:53 - DEBUG - [domains_check_MT.py:49] - check_url - Added result to analyzed queue: {'url': 'gravatar.com', 'status_code': 'OK', 'ssl_status': 'valid', 'expiration_date': '2025-01-04 23:59:59', 'issuer': 'Sectigo ECC Domain Validation Secure Server CA'}
2024-12-09 21:31:53 - DEBUG - [domains_check_MT.py:49] - check_url - Added result to analyzed queue: {'url': 'live.com', 'status_code': 'OK', 'ssl_status': 'valid', 'expiration_date': '2025-03-10 23:59:59', 'issuer': 'DigiCert Cloud Services CA-1'}
2024-12-09 21:31:53 - DEBUG - [domains_check_MT.py:49] - check_url - Added result to analyzed queue: {'url': 'bbc.co.uk', 'status_code': 'OK', 'ssl_status': 'valid', 'expiration_date': '2025-07-19 06:26:04', 'issuer': 'GlobalSign RSA OV SSL CA 2018'}
2024-12-09 21:31:53 - DEBUG - [domains_check_MT.py:49] - check_url - Added result to analyzed queue: {'url': 'flickr.com', 'status_code': 'OK', 'ssl_status': 'valid', 'expiration_date': '2025-03-04 23:59:59', 'issuer': 'Amazon RSA 2048 M02'}
2024-12-09 21:31:54 - DEBUG - [domains_check_MT.py:49] - check_url - Added result to analyzed queue: {'url': 'cnn.com', 'status_code': 'OK', 'ssl_status': 'valid', 'expiration_date': '2025-10-29 19:18:29', 'issuer': 'GlobalSign Atlas R3 DV TLS CA 2024 Q3'}
2024-12-09 21:31:54 - DEBUG - [domains_check_MT.py:49] - check_url - Added result to analyzed queue: {'url': 'open.spotify.com', 'status_code': 'OK', 'ssl_status': 'valid', 'expiration_date': '2025-01-07 00:16:47', 'issuer': 'Certainly Intermediate R1'}
2024-12-09 21:31:54 - DEBUG - [domains_check_MT.py:49] - check_url - Added result to analyzed queue: {'url': 'theguardian.com', 'status_code': 'OK', 'ssl_status': 'valid', 'expiration_date': '2025-10-18 10:57:40', 'issuer': 'GlobalSign Atlas R3 DV TLS CA 2024 Q3'}
2024-12-09 21:31:54 - DEBUG - [domains_check_MT.py:49] - check_url - Added result to analyzed queue: {'url': 'web.archive.org', 'status_code': 'OK', 'ssl_status': 'valid', 'expiration_date': '2025-01-23 14:17:22', 'issuer': 'Go Daddy Secure Certificate Authority - G2'}
2024-12-09 21:31:54 - DEBUG - [domains_check_MT.py:49] - check_url - Added result to analyzed queue: {'url': 'opera.com', 'status_code': 'OK', 'ssl_status': 'valid', 'expiration_date': '2025-01-09 23:59:59', 'issuer': 'DigiCert TLS Hybrid ECC SHA384 2020 CA1'}
2024-12-09 21:31:54 - DEBUG - [domains_check_MT.py:49] - check_url - Added result to analyzed queue: {'url': 'paypal.com', 'status_code': 'OK', 'ssl_status': 'valid', 'expiration_date': '2025-08-06 23:59:59', 'issuer': 'DigiCert SHA2 Extended Validation Server CA'}
2024-12-09 21:31:54 - DEBUG - [domains_check_MT.py:49] - check_url - Added result to analyzed queue: {'url': 'who.int', 'status_code': 'OK', 'ssl_status': 'valid', 'expiration_date': '2025-01-18 07:41:00', 'issuer': 'WE1'}
2024-12-09 21:31:54 - DEBUG - [domains_check_MT.py:49] - check_url - Added result to analyzed queue: {'url': 'vk.com', 'status_code': 'OK', 'ssl_status': 'failed', 'expiration_date': 'unknown', 'issuer': 'unknown'}
2024-12-09 21:31:54 - DEBUG - [domains_check_MT.py:49] - check_url - Added result to analyzed queue: {'url': 'qq.com', 'status_code': 'FAILED', 'ssl_status': 'unknown', 'expiration_date': 'unknown', 'issuer': 'unknown'}
2024-12-09 21:31:54 - DEBUG - [domains_check_MT.py:49] - check_url - Added result to analyzed queue: {'url': 'www.ncbi.nlm.nih.gov', 'status_code': 'OK', 'ssl_status': 'valid', 'expiration_date': '2025-08-02 21:41:30', 'issuer': 'Go Daddy Secure Certificate Authority - G2'}
2024-12-09 21:31:54 - DEBUG - [domains_check_MT.py:49] - check_url - Added result to analyzed queue: {'url': 'zoom.us', 'status_code': 'OK', 'ssl_status': 'valid', 'expiration_date': '2025-04-05 23:59:59', 'issuer': 'DigiCert Global G2 TLS RSA SHA256 2020 CA1'}
2024-12-09 21:31:54 - DEBUG - [domains_check_MT.py:49] - check_url - Added result to analyzed queue: {'url': 'doi.org', 'status_code': 'OK', 'ssl_status': 'valid', 'expiration_date': '2025-03-04 12:46:33', 'issuer': 'WE1'}
2024-12-09 21:31:54 - DEBUG - [domains_check_MT.py:49] - check_url - Added result to analyzed queue: {'url': 'sourceforge.net', 'status_code': 'OK', 'ssl_status': 'valid', 'expiration_date': '2025-02-25 15:43:08', 'issuer': 'E5'}
2024-12-09 21:31:54 - DEBUG - [domains_check_MT.py:49] - check_url - Added result to analyzed queue: {'url': 'creativecommons.org', 'status_code': 'OK', 'ssl_status': 'valid', 'expiration_date': '2025-02-18 03:18:38', 'issuer': 'WE1'}
2024-12-09 21:31:54 - DEBUG - [domains_check_MT.py:49] - check_url - Added result to analyzed queue: {'url': 'sites.google.com', 'status_code': 'OK', 'ssl_status': 'valid', 'expiration_date': '2025-01-13 08:36:56', 'issuer': 'WR2'}
2024-12-09 21:31:54 - DEBUG - [domains_check_MT.py:49] - check_url - Added result to analyzed queue: {'url': 'weebly.com', 'status_code': 'OK', 'ssl_status': 'valid', 'expiration_date': '2025-01-26 18:44:57', 'issuer': 'E5'}
2024-12-09 21:31:54 - DEBUG - [domains_check_MT.py:49] - check_url - Added result to analyzed queue: {'url': 'youtube-nocookie.com', 'status_code': 'FAILED', 'ssl_status': 'unknown', 'expiration_date': 'unknown', 'issuer': 'unknown'}
2024-12-09 21:31:54 - DEBUG - [domains_check_MT.py:49] - check_url - Added result to analyzed queue: {'url': 'itunes.apple.com', 'status_code': 'OK', 'ssl_status': 'valid', 'expiration_date': '2025-04-02 18:31:05', 'issuer': 'Apple Public EV Server RSA CA 2 - G1'}
2024-12-09 21:31:55 - DEBUG - [domains_check_MT.py:49] - check_url - Added result to analyzed queue: {'url': 'harvard.edu', 'status_code': 'OK', 'ssl_status': 'valid', 'expiration_date': '2025-01-26 15:24:12', 'issuer': 'E5'}
2024-12-09 21:31:56 - DEBUG - [domains_check_MT.py:49] - check_url - Added result to analyzed queue: {'url': 'googleblog.com', 'status_code': 'OK', 'ssl_status': 'valid', 'expiration_date': '2025-01-13 08:37:12', 'issuer': 'WR2'}
2024-12-09 21:31:56 - DEBUG - [domains_check_MT.py:49] - check_url - Added result to analyzed queue: {'url': 'nginx.com', 'status_code': 'FAILED', 'ssl_status': 'unknown', 'expiration_date': 'unknown', 'issuer': 'unknown'}
2024-12-09 21:31:56 - DEBUG - [domains_check_MT.py:49] - check_url - Added result to analyzed queue: {'url': 'f5.com', 'status_code': 'FAILED', 'ssl_status': 'unknown', 'expiration_date': 'unknown', 'issuer': 'unknown'}
2024-12-09 21:31:56 - DEBUG - [domains_check_MT.py:49] - check_url - Added result to analyzed queue: {'url': 'europa.eu', 'status_code': 'OK', 'ssl_status': 'valid', 'expiration_date': '2025-08-10 12:06:07', 'issuer': 'GlobalSign RSA OV SSL CA 2018'}
2024-12-09 21:31:56 - DEBUG - [domains_check_MT.py:49] - check_url - Added result to analyzed queue: {'url': 'macromedia.com', 'status_code': 'FAILED', 'ssl_status': 'unknown', 'expiration_date': 'unknown', 'issuer': 'unknown'}
2024-12-09 21:31:56 - DEBUG - [domains_check_MT.py:49] - check_url - Added result to analyzed queue: {'url': 'apps.apple.com', 'status_code': 'OK', 'ssl_status': 'valid', 'expiration_date': '2025-04-02 18:31:05', 'issuer': 'Apple Public EV Server RSA CA 2 - G1'}
2024-12-09 21:31:56 - DEBUG - [domains_check_MT.py:49] - check_url - Added result to analyzed queue: {'url': 'beian.miit.gov.cn', 'status_code': 'FAILED', 'ssl_status': 'unknown', 'expiration_date': 'unknown', 'issuer': 'unknown'}
2024-12-09 21:31:57 - DEBUG - [domains_check_MT.py:49] - check_url - Added result to analyzed queue: {'url': 'wikipedia.org', 'status_code': 'OK', 'ssl_status': 'valid', 'expiration_date': '2025-10-17 23:59:59', 'issuer': 'DigiCert TLS Hybrid ECC SHA384 2020 CA1'}
2024-12-09 21:31:58 - DEBUG - [domains_check_MT.py:49] - check_url - Added result to analyzed queue: {'url': 'yahoo.com', 'status_code': 'OK', 'ssl_status': 'valid', 'expiration_date': '2025-01-15 23:59:59', 'issuer': 'DigiCert SHA2 High Assurance Server CA'}
2024-12-09 21:31:58 - DEBUG - [domains_check_MT.py:49] - check_url - Added result to analyzed queue: {'url': 'dropbox.com', 'status_code': 'OK', 'ssl_status': 'valid', 'expiration_date': '2025-12-08 23:59:59', 'issuer': 'DigiCert TLS RSA SHA256 2020 CA1'}
2024-12-09 21:32:01 - DEBUG - [domains_check_MT.py:49] - check_url - Added result to analyzed queue: {'url': 'amazonaws.com', 'status_code': 'OK', 'ssl_status': 'failed', 'expiration_date': 'unknown', 'issuer': 'unknown'}
2024-12-09 21:32:05 - DEBUG - [domains_check_MT.py:49] - check_url - Added result to analyzed queue: {'url': 'ec.europa.eu', 'status_code': 'OK', 'ssl_status': 'valid', 'expiration_date': '2025-08-03 13:21:01', 'issuer': 'GlobalSign RSA OV SSL CA 2018'}
2024-12-09 21:32:05 - DEBUG - [domains_check_MT.py:95] - check_url_mt - Processed result: {'url': 'googletagmanager.com', 'status_code': 'FAILED', 'ssl_status': 'unknown', 'expiration_date': 'unknown', 'issuer': 'unknown'}
2024-12-09 21:32:05 - DEBUG - [domains_check_MT.py:95] - check_url_mt - Processed result: {'url': 'github.com', 'status_code': 'OK', 'ssl_status': 'valid', 'expiration_date': '2025-03-07 23:59:59', 'issuer': 'Sectigo ECC Domain Validation Secure Server CA'}
2024-12-09 21:32:05 - DEBUG - [domains_check_MT.py:95] - check_url_mt - Processed result: {'url': 'apple.com', 'status_code': 'OK', 'ssl_status': 'valid', 'expiration_date': '2025-02-12 20:09:50', 'issuer': 'Apple Public EV Server ECC CA 1 - G1'}
2024-12-09 21:32:05 - DEBUG - [domains_check_MT.py:95] - check_url_mt - Processed result: {'url': 'google.com', 'status_code': 'OK', 'ssl_status': 'valid', 'expiration_date': '2025-01-13 08:36:56', 'issuer': 'WR2'}
2024-12-09 21:32:05 - DEBUG - [domains_check_MT.py:95] - check_url_mt - Processed result: {'url': 'linkedin.com', 'status_code': 'OK', 'ssl_status': 'valid', 'expiration_date': '2025-04-14 23:59:59', 'issuer': 'DigiCert SHA2 Secure Server CA'}
2024-12-09 21:32:05 - DEBUG - [domains_check_MT.py:95] - check_url_mt - Processed result: {'url': 'facebook.com', 'status_code': 'OK', 'ssl_status': 'valid', 'expiration_date': '2024-12-16 23:59:59', 'issuer': 'DigiCert SHA2 High Assurance Server CA'}
2024-12-09 21:32:05 - DEBUG - [domains_check_MT.py:95] - check_url_mt - Processed result: {'url': 'youtube.com', 'status_code': 'OK', 'ssl_status': 'valid', 'expiration_date': '2025-01-13 08:36:56', 'issuer': 'WR2'}
2024-12-09 21:32:05 - DEBUG - [domains_check_MT.py:95] - check_url_mt - Processed result: {'url': 'microsoft.com', 'status_code': 'OK', 'ssl_status': 'valid', 'expiration_date': '2025-06-02 08:28:24', 'issuer': 'Microsoft Azure RSA TLS Issuing CA 08'}
2024-12-09 21:32:05 - DEBUG - [domains_check_MT.py:95] - check_url_mt - Processed result: {'url': 'twitter.com', 'status_code': 'OK', 'ssl_status': 'valid', 'expiration_date': '2025-09-29 23:59:59', 'issuer': 'DigiCert Global G2 TLS RSA SHA256 2020 CA1'}
2024-12-09 21:32:05 - DEBUG - [domains_check_MT.py:95] - check_url_mt - Processed result: {'url': 'instagram.com', 'status_code': 'OK', 'ssl_status': 'valid', 'expiration_date': '2024-12-16 23:59:59', 'issuer': 'DigiCert SHA2 High Assurance Server CA'}
2024-12-09 21:32:05 - DEBUG - [domains_check_MT.py:95] - check_url_mt - Processed result: {'url': 'youtu.be', 'status_code': 'OK', 'ssl_status': 'valid', 'expiration_date': '2025-01-13 08:36:56', 'issuer': 'WR2'}
2024-12-09 21:32:05 - DEBUG - [domains_check_MT.py:95] - check_url_mt - Processed result: {'url': 'en.wikipedia.org', 'status_code': 'OK', 'ssl_status': 'valid', 'expiration_date': '2025-10-17 23:59:59', 'issuer': 'DigiCert TLS Hybrid ECC SHA384 2020 CA1'}
2024-12-09 21:32:05 - DEBUG - [domains_check_MT.py:95] - check_url_mt - Processed result: {'url': 'pinterest.com', 'status_code': 'OK', 'ssl_status': 'valid', 'expiration_date': '2025-08-07 23:59:59', 'issuer': 'DigiCert Global G2 TLS RSA SHA256 2020 CA1'}
2024-12-09 21:32:05 - DEBUG - [domains_check_MT.py:95] - check_url_mt - Processed result: {'url': 'bit.ly', 'status_code': 'OK', 'ssl_status': 'valid', 'expiration_date': '2025-05-06 23:59:59', 'issuer': 'DigiCert EV RSA CA G2'}
2024-12-09 21:32:05 - DEBUG - [domains_check_MT.py:95] - check_url_mt - Processed result: {'url': 'vimeo.com', 'status_code': 'OK', 'ssl_status': 'valid', 'expiration_date': '2025-02-21 10:29:55', 'issuer': 'WE1'}
2024-12-09 21:32:05 - DEBUG - [domains_check_MT.py:95] - check_url_mt - Processed result: {'url': 'maps.google.com', 'status_code': 'OK', 'ssl_status': 'valid', 'expiration_date': '2025-01-13 08:36:56', 'issuer': 'WR2'}
2024-12-09 21:32:05 - DEBUG - [domains_check_MT.py:95] - check_url_mt - Processed result: {'url': 'api.whatsapp.com', 'status_code': 'FAILED', 'ssl_status': 'unknown', 'expiration_date': 'unknown', 'issuer': 'unknown'}
2024-12-09 21:32:05 - DEBUG - [domains_check_MT.py:95] - check_url_mt - Processed result: {'url': 'goo.gl', 'status_code': 'OK', 'ssl_status': 'valid', 'expiration_date': '2025-01-13 08:36:56', 'issuer': 'WR2'}
2024-12-09 21:32:05 - DEBUG - [domains_check_MT.py:95] - check_url_mt - Processed result: {'url': 'wordpress.org', 'status_code': 'OK', 'ssl_status': 'valid', 'expiration_date': '2025-03-02 18:23:41', 'issuer': 'E6'}
2024-12-09 21:32:05 - DEBUG - [domains_check_MT.py:95] - check_url_mt - Processed result: {'url': 'adobe.com', 'status_code': 'FAILED', 'ssl_status': 'unknown', 'expiration_date': 'unknown', 'issuer': 'unknown'}
2024-12-09 21:32:05 - DEBUG - [domains_check_MT.py:95] - check_url_mt - Processed result: {'url': 'wordpress.com', 'status_code': 'OK', 'ssl_status': 'valid', 'expiration_date': '2025-02-11 13:10:36', 'issuer': 'E5'}
2024-12-09 21:32:05 - DEBUG - [domains_check_MT.py:95] - check_url_mt - Processed result: {'url': 'miit.gov.cn', 'status_code': 'FAILED', 'ssl_status': 'unknown', 'expiration_date': 'unknown', 'issuer': 'unknown'}
2024-12-09 21:32:05 - DEBUG - [domains_check_MT.py:95] - check_url_mt - Processed result: {'url': 'plus.google.com', 'status_code': 'OK', 'ssl_status': 'valid', 'expiration_date': '2025-01-13 08:36:56', 'issuer': 'WR2'}
2024-12-09 21:32:05 - DEBUG - [domains_check_MT.py:95] - check_url_mt - Processed result: {'url': 'tiktok.com', 'status_code': 'OK', 'ssl_status': 'valid', 'expiration_date': '2025-08-26 23:59:59', 'issuer': 'RapidSSL TLS RSA CA G1'}
2024-12-09 21:32:05 - DEBUG - [domains_check_MT.py:95] - check_url_mt - Processed result: {'url': 'x.com', 'status_code': 'OK', 'ssl_status': 'valid', 'expiration_date': '2025-09-29 23:59:59', 'issuer': 'DigiCert Global G2 TLS RSA SHA256 2020 CA1'}
2024-12-09 21:32:05 - DEBUG - [domains_check_MT.py:95] - check_url_mt - Processed result: {'url': 'mozilla.org', 'status_code': 'OK', 'ssl_status': 'valid', 'expiration_date': '2025-02-13 14:40:25', 'issuer': 'WR3'}
2024-12-09 21:32:05 - DEBUG - [domains_check_MT.py:95] - check_url_mt - Processed result: {'url': 'tumblr.com', 'status_code': 'OK', 'ssl_status': 'valid', 'expiration_date': '2025-03-26 23:59:59', 'issuer': 'Sectigo ECC Domain Validation Secure Server CA'}
2024-12-09 21:32:05 - DEBUG - [domains_check_MT.py:95] - check_url_mt - Processed result: {'url': 'amazon.com', 'status_code': 'FAILED', 'ssl_status': 'unknown', 'expiration_date': 'unknown', 'issuer': 'unknown'}
2024-12-09 21:32:05 - DEBUG - [domains_check_MT.py:95] - check_url_mt - Processed result: {'url': 'github.io', 'status_code': 'OK', 'ssl_status': 'valid', 'expiration_date': '2025-03-14 23:59:59', 'issuer': 'DigiCert Global G2 TLS RSA SHA256 2020 CA1'}
2024-12-09 21:32:05 - DEBUG - [domains_check_MT.py:95] - check_url_mt - Processed result: {'url': 'player.vimeo.com', 'status_code': 'OK', 'ssl_status': 'valid', 'expiration_date': '2025-02-21 10:29:55', 'issuer': 'WE1'}
2024-12-09 21:32:05 - DEBUG - [domains_check_MT.py:95] - check_url_mt - Processed result: {'url': 'blogspot.com', 'status_code': 'OK', 'ssl_status': 'valid', 'expiration_date': '2025-01-13 08:37:37', 'issuer': 'WR2'}
2024-12-09 21:32:05 - DEBUG - [domains_check_MT.py:95] - check_url_mt - Processed result: {'url': 'forms.gle', 'status_code': 'FAILED', 'ssl_status': 'unknown', 'expiration_date': 'unknown', 'issuer': 'unknown'}
2024-12-09 21:32:05 - DEBUG - [domains_check_MT.py:95] - check_url_mt - Processed result: {'url': 'policies.google.com', 'status_code': 'OK', 'ssl_status': 'valid', 'expiration_date': '2025-01-13 08:36:56', 'issuer': 'WR2'}
2024-12-09 21:32:05 - DEBUG - [domains_check_MT.py:95] - check_url_mt - Processed result: {'url': 'apache.org', 'status_code': 'OK', 'ssl_status': 'valid', 'expiration_date': '2025-01-20 07:42:40', 'issuer': 'R10'}
2024-12-09 21:32:05 - DEBUG - [domains_check_MT.py:95] - check_url_mt - Processed result: {'url': 'docs.google.com', 'status_code': 'OK', 'ssl_status': 'valid', 'expiration_date': '2025-01-13 08:36:56', 'issuer': 'WR2'}
2024-12-09 21:32:05 - DEBUG - [domains_check_MT.py:95] - check_url_mt - Processed result: {'url': 'cloudflare.com', 'status_code': 'OK', 'ssl_status': 'valid', 'expiration_date': '2025-03-09 00:31:24', 'issuer': 'WE1'}
2024-12-09 21:32:05 - DEBUG - [domains_check_MT.py:95] - check_url_mt - Processed result: {'url': 'drive.google.com', 'status_code': 'OK', 'ssl_status': 'valid', 'expiration_date': '2025-01-13 08:36:56', 'issuer': 'WR2'}
2024-12-09 21:32:05 - DEBUG - [domains_check_MT.py:95] - check_url_mt - Processed result: {'url': 'wa.me', 'status_code': 'OK', 'ssl_status': 'valid', 'expiration_date': '2024-12-16 23:59:59', 'issuer': 'DigiCert SHA2 High Assurance Server CA'}
2024-12-09 21:32:05 - DEBUG - [domains_check_MT.py:95] - check_url_mt - Processed result: {'url': 'medium.com', 'status_code': 'OK', 'ssl_status': 'valid', 'expiration_date': '2025-02-23 18:56:38', 'issuer': 'WE1'}
2024-12-09 21:32:05 - DEBUG - [domains_check_MT.py:95] - check_url_mt - Processed result: {'url': 'whatsapp.com', 'status_code': 'OK', 'ssl_status': 'valid', 'expiration_date': '2024-12-16 23:59:59', 'issuer': 'DigiCert SHA2 High Assurance Server CA'}
2024-12-09 21:32:05 - DEBUG - [domains_check_MT.py:95] - check_url_mt - Processed result: {'url': 'nginx.org', 'status_code': 'OK', 'ssl_status': 'valid', 'expiration_date': '2025-02-02 08:59:20', 'issuer': 'R11'}
2024-12-09 21:32:05 - DEBUG - [domains_check_MT.py:95] - check_url_mt - Processed result: {'url': 'w3.org', 'status_code': 'OK', 'ssl_status': 'valid', 'expiration_date': '2025-02-24 00:13:54', 'issuer': 'WE1'}
2024-12-09 21:32:05 - DEBUG - [domains_check_MT.py:95] - check_url_mt - Processed result: {'url': 'play.google.com', 'status_code': 'OK', 'ssl_status': 'valid', 'expiration_date': '2025-01-13 08:36:56', 'issuer': 'WR2'}
2024-12-09 21:32:05 - DEBUG - [domains_check_MT.py:95] - check_url_mt - Processed result: {'url': 't.me', 'status_code': 'OK', 'ssl_status': 'valid', 'expiration_date': '2025-11-07 19:51:28', 'issuer': 'Go Daddy Secure Certificate Authority - G2'}
2024-12-09 21:32:05 - DEBUG - [domains_check_MT.py:95] - check_url_mt - Processed result: {'url': 'soundcloud.com', 'status_code': 'OK', 'ssl_status': 'valid', 'expiration_date': '2025-03-09 12:22:14', 'issuer': 'GlobalSign GCC R3 DV TLS CA 2020'}
2024-12-09 21:32:05 - DEBUG - [domains_check_MT.py:95] - check_url_mt - Processed result: {'url': 'httpd.apache.org', 'status_code': 'OK', 'ssl_status': 'valid', 'expiration_date': '2025-03-03 07:48:08', 'issuer': 'R10'}
2024-12-09 21:32:05 - DEBUG - [domains_check_MT.py:95] - check_url_mt - Processed result: {'url': 'archive.org', 'status_code': 'OK', 'ssl_status': 'valid', 'expiration_date': '2025-01-23 14:17:22', 'issuer': 'Go Daddy Secure Certificate Authority - G2'}
2024-12-09 21:32:05 - DEBUG - [domains_check_MT.py:95] - check_url_mt - Processed result: {'url': 'tinyurl.com', 'status_code': 'OK', 'ssl_status': 'valid', 'expiration_date': '2025-02-21 00:39:02', 'issuer': 'WE1'}
2024-12-09 21:32:05 - DEBUG - [domains_check_MT.py:95] - check_url_mt - Processed result: {'url': 'office.com', 'status_code': 'OK', 'ssl_status': 'valid', 'expiration_date': '2025-09-13 16:26:36', 'issuer': 'Microsoft Azure RSA TLS Issuing CA 04'}
2024-12-09 21:32:05 - DEBUG - [domains_check_MT.py:95] - check_url_mt - Processed result: {'url': 'maps.app.goo.gl', 'status_code': 'FAILED', 'ssl_status': 'unknown', 'expiration_date': 'unknown', 'issuer': 'unknown'}
2024-12-09 21:32:05 - DEBUG - [domains_check_MT.py:95] - check_url_mt - Processed result: {'url': 'nytimes.com', 'status_code': 'OK', 'ssl_status': 'valid', 'expiration_date': '2025-03-13 23:59:59', 'issuer': 'Thawte RSA CA 2018'}
2024-12-09 21:32:05 - DEBUG - [domains_check_MT.py:95] - check_url_mt - Processed result: {'url': 'baidu.com', 'status_code': 'OK', 'ssl_status': 'valid', 'expiration_date': '2025-03-01 23:59:59', 'issuer': 'DigiCert Secure Site Pro CN CA G3'}
2024-12-09 21:32:05 - DEBUG - [domains_check_MT.py:95] - check_url_mt - Processed result: {'url': 'spotify.com', 'status_code': 'OK', 'ssl_status': 'valid', 'expiration_date': '2025-02-04 23:59:59', 'issuer': 'DigiCert Global G2 TLS RSA SHA256 2020 CA1'}
2024-12-09 21:32:05 - DEBUG - [domains_check_MT.py:95] - check_url_mt - Processed result: {'url': 'issuu.com', 'status_code': 'FAILED', 'ssl_status': 'unknown', 'expiration_date': 'unknown', 'issuer': 'unknown'}
2024-12-09 21:32:05 - DEBUG - [domains_check_MT.py:95] - check_url_mt - Processed result: {'url': 'nih.gov', 'status_code': 'FAILED', 'ssl_status': 'unknown', 'expiration_date': 'unknown', 'issuer': 'unknown'}
2024-12-09 21:32:05 - DEBUG - [domains_check_MT.py:95] - check_url_mt - Processed result: {'url': 'm.facebook.com', 'status_code': 'OK', 'ssl_status': 'valid', 'expiration_date': '2024-12-16 23:59:59', 'issuer': 'DigiCert SHA2 High Assurance Server CA'}
2024-12-09 21:32:05 - DEBUG - [domains_check_MT.py:95] - check_url_mt - Processed result: {'url': 'reddit.com', 'status_code': 'OK', 'ssl_status': 'valid', 'expiration_date': '2025-04-11 23:59:59', 'issuer': 'DigiCert TLS RSA SHA256 2020 CA1'}
2024-12-09 21:32:05 - DEBUG - [domains_check_MT.py:95] - check_url_mt - Processed result: {'url': 't.co', 'status_code': 'OK', 'ssl_status': 'valid', 'expiration_date': '2025-02-24 14:17:08', 'issuer': 'E6'}
2024-12-09 21:32:05 - DEBUG - [domains_check_MT.py:95] - check_url_mt - Processed result: {'url': 'forbes.com', 'status_code': 'OK', 'ssl_status': 'valid', 'expiration_date': '2025-04-07 18:51:31', 'issuer': 'GlobalSign Atlas R3 DV TLS CA 2024 Q1'}
2024-12-09 21:32:05 - DEBUG - [domains_check_MT.py:95] - check_url_mt - Processed result: {'url': 'sciencedirect.com', 'status_code': 'FAILED', 'ssl_status': 'unknown', 'expiration_date': 'unknown', 'issuer': 'unknown'}
2024-12-09 21:32:05 - DEBUG - [domains_check_MT.py:95] - check_url_mt - Processed result: {'url': 'gravatar.com', 'status_code': 'OK', 'ssl_status': 'valid', 'expiration_date': '2025-01-04 23:59:59', 'issuer': 'Sectigo ECC Domain Validation Secure Server CA'}
2024-12-09 21:32:05 - DEBUG - [domains_check_MT.py:95] - check_url_mt - Processed result: {'url': 'live.com', 'status_code': 'OK', 'ssl_status': 'valid', 'expiration_date': '2025-03-10 23:59:59', 'issuer': 'DigiCert Cloud Services CA-1'}
2024-12-09 21:32:05 - DEBUG - [domains_check_MT.py:95] - check_url_mt - Processed result: {'url': 'bbc.co.uk', 'status_code': 'OK', 'ssl_status': 'valid', 'expiration_date': '2025-07-19 06:26:04', 'issuer': 'GlobalSign RSA OV SSL CA 2018'}
2024-12-09 21:32:05 - DEBUG - [domains_check_MT.py:95] - check_url_mt - Processed result: {'url': 'flickr.com', 'status_code': 'OK', 'ssl_status': 'valid', 'expiration_date': '2025-03-04 23:59:59', 'issuer': 'Amazon RSA 2048 M02'}
2024-12-09 21:32:05 - DEBUG - [domains_check_MT.py:95] - check_url_mt - Processed result: {'url': 'cnn.com', 'status_code': 'OK', 'ssl_status': 'valid', 'expiration_date': '2025-10-29 19:18:29', 'issuer': 'GlobalSign Atlas R3 DV TLS CA 2024 Q3'}
2024-12-09 21:32:05 - DEBUG - [domains_check_MT.py:95] - check_url_mt - Processed result: {'url': 'open.spotify.com', 'status_code': 'OK', 'ssl_status': 'valid', 'expiration_date': '2025-01-07 00:16:47', 'issuer': 'Certainly Intermediate R1'}
2024-12-09 21:32:05 - DEBUG - [domains_check_MT.py:95] - check_url_mt - Processed result: {'url': 'theguardian.com', 'status_code': 'OK', 'ssl_status': 'valid', 'expiration_date': '2025-10-18 10:57:40', 'issuer': 'GlobalSign Atlas R3 DV TLS CA 2024 Q3'}
2024-12-09 21:32:05 - DEBUG - [domains_check_MT.py:95] - check_url_mt - Processed result: {'url': 'web.archive.org', 'status_code': 'OK', 'ssl_status': 'valid', 'expiration_date': '2025-01-23 14:17:22', 'issuer': 'Go Daddy Secure Certificate Authority - G2'}
2024-12-09 21:32:05 - DEBUG - [domains_check_MT.py:95] - check_url_mt - Processed result: {'url': 'opera.com', 'status_code': 'OK', 'ssl_status': 'valid', 'expiration_date': '2025-01-09 23:59:59', 'issuer': 'DigiCert TLS Hybrid ECC SHA384 2020 CA1'}
2024-12-09 21:32:05 - DEBUG - [domains_check_MT.py:95] - check_url_mt - Processed result: {'url': 'paypal.com', 'status_code': 'OK', 'ssl_status': 'valid', 'expiration_date': '2025-08-06 23:59:59', 'issuer': 'DigiCert SHA2 Extended Validation Server CA'}
2024-12-09 21:32:05 - DEBUG - [domains_check_MT.py:95] - check_url_mt - Processed result: {'url': 'who.int', 'status_code': 'OK', 'ssl_status': 'valid', 'expiration_date': '2025-01-18 07:41:00', 'issuer': 'WE1'}
2024-12-09 21:32:05 - DEBUG - [domains_check_MT.py:95] - check_url_mt - Processed result: {'url': 'vk.com', 'status_code': 'OK', 'ssl_status': 'failed', 'expiration_date': 'unknown', 'issuer': 'unknown'}
2024-12-09 21:32:05 - DEBUG - [domains_check_MT.py:95] - check_url_mt - Processed result: {'url': 'qq.com', 'status_code': 'FAILED', 'ssl_status': 'unknown', 'expiration_date': 'unknown', 'issuer': 'unknown'}
2024-12-09 21:32:05 - DEBUG - [domains_check_MT.py:95] - check_url_mt - Processed result: {'url': 'www.ncbi.nlm.nih.gov', 'status_code': 'OK', 'ssl_status': 'valid', 'expiration_date': '2025-08-02 21:41:30', 'issuer': 'Go Daddy Secure Certificate Authority - G2'}
2024-12-09 21:32:05 - DEBUG - [domains_check_MT.py:95] - check_url_mt - Processed result: {'url': 'zoom.us', 'status_code': 'OK', 'ssl_status': 'valid', 'expiration_date': '2025-04-05 23:59:59', 'issuer': 'DigiCert Global G2 TLS RSA SHA256 2020 CA1'}
2024-12-09 21:32:05 - DEBUG - [domains_check_MT.py:95] - check_url_mt - Processed result: {'url': 'doi.org', 'status_code': 'OK', 'ssl_status': 'valid', 'expiration_date': '2025-03-04 12:46:33', 'issuer': 'WE1'}
2024-12-09 21:32:05 - DEBUG - [domains_check_MT.py:95] - check_url_mt - Processed result: {'url': 'sourceforge.net', 'status_code': 'OK', 'ssl_status': 'valid', 'expiration_date': '2025-02-25 15:43:08', 'issuer': 'E5'}
2024-12-09 21:32:05 - DEBUG - [domains_check_MT.py:95] - check_url_mt - Processed result: {'url': 'creativecommons.org', 'status_code': 'OK', 'ssl_status': 'valid', 'expiration_date': '2025-02-18 03:18:38', 'issuer': 'WE1'}
2024-12-09 21:32:05 - DEBUG - [domains_check_MT.py:95] - check_url_mt - Processed result: {'url': 'sites.google.com', 'status_code': 'OK', 'ssl_status': 'valid', 'expiration_date': '2025-01-13 08:36:56', 'issuer': 'WR2'}
2024-12-09 21:32:05 - DEBUG - [domains_check_MT.py:95] - check_url_mt - Processed result: {'url': 'weebly.com', 'status_code': 'OK', 'ssl_status': 'valid', 'expiration_date': '2025-01-26 18:44:57', 'issuer': 'E5'}
2024-12-09 21:32:05 - DEBUG - [domains_check_MT.py:95] - check_url_mt - Processed result: {'url': 'youtube-nocookie.com', 'status_code': 'FAILED', 'ssl_status': 'unknown', 'expiration_date': 'unknown', 'issuer': 'unknown'}
2024-12-09 21:32:05 - DEBUG - [domains_check_MT.py:95] - check_url_mt - Processed result: {'url': 'itunes.apple.com', 'status_code': 'OK', 'ssl_status': 'valid', 'expiration_date': '2025-04-02 18:31:05', 'issuer': 'Apple Public EV Server RSA CA 2 - G1'}
2024-12-09 21:32:05 - DEBUG - [domains_check_MT.py:95] - check_url_mt - Processed result: {'url': 'harvard.edu', 'status_code': 'OK', 'ssl_status': 'valid', 'expiration_date': '2025-01-26 15:24:12', 'issuer': 'E5'}
2024-12-09 21:32:05 - DEBUG - [domains_check_MT.py:95] - check_url_mt - Processed result: {'url': 'googleblog.com', 'status_code': 'OK', 'ssl_status': 'valid', 'expiration_date': '2025-01-13 08:37:12', 'issuer': 'WR2'}
2024-12-09 21:32:05 - DEBUG - [domains_check_MT.py:95] - check_url_mt - Processed result: {'url': 'nginx.com', 'status_code': 'FAILED', 'ssl_status': 'unknown', 'expiration_date': 'unknown', 'issuer': 'unknown'}
2024-12-09 21:32:05 - DEBUG - [domains_check_MT.py:95] - check_url_mt - Processed result: {'url': 'f5.com', 'status_code': 'FAILED', 'ssl_status': 'unknown', 'expiration_date': 'unknown', 'issuer': 'unknown'}
2024-12-09 21:32:05 - DEBUG - [domains_check_MT.py:95] - check_url_mt - Processed result: {'url': 'europa.eu', 'status_code': 'OK', 'ssl_status': 'valid', 'expiration_date': '2025-08-10 12:06:07', 'issuer': 'GlobalSign RSA OV SSL CA 2018'}
2024-12-09 21:32:05 - DEBUG - [domains_check_MT.py:95] - check_url_mt - Processed result: {'url': 'macromedia.com', 'status_code': 'FAILED', 'ssl_status': 'unknown', 'expiration_date': 'unknown', 'issuer': 'unknown'}
2024-12-09 21:32:05 - DEBUG - [domains_check_MT.py:95] - check_url_mt - Processed result: {'url': 'apps.apple.com', 'status_code': 'OK', 'ssl_status': 'valid', 'expiration_date': '2025-04-02 18:31:05', 'issuer': 'Apple Public EV Server RSA CA 2 - G1'}
2024-12-09 21:32:05 - DEBUG - [domains_check_MT.py:95] - check_url_mt - Processed result: {'url': 'beian.miit.gov.cn', 'status_code': 'FAILED', 'ssl_status': 'unknown', 'expiration_date': 'unknown', 'issuer': 'unknown'}
2024-12-09 21:32:05 - DEBUG - [domains_check_MT.py:95] - check_url_mt - Processed result: {'url': 'wikipedia.org', 'status_code': 'OK', 'ssl_status': 'valid', 'expiration_date': '2025-10-17 23:59:59', 'issuer': 'DigiCert TLS Hybrid ECC SHA384 2020 CA1'}
2024-12-09 21:32:05 - DEBUG - [domains_check_MT.py:95] - check_url_mt - Processed result: {'url': 'yahoo.com', 'status_code': 'OK', 'ssl_status': 'valid', 'expiration_date': '2025-01-15 23:59:59', 'issuer': 'DigiCert SHA2 High Assurance Server CA'}
2024-12-09 21:32:05 - DEBUG - [domains_check_MT.py:95] - check_url_mt - Processed result: {'url': 'dropbox.com', 'status_code': 'OK', 'ssl_status': 'valid', 'expiration_date': '2025-12-08 23:59:59', 'issuer': 'DigiCert TLS RSA SHA256 2020 CA1'}
2024-12-09 21:32:05 - DEBUG - [domains_check_MT.py:95] - check_url_mt - Processed result: {'url': 'amazonaws.com', 'status_code': 'OK', 'ssl_status': 'failed', 'expiration_date': 'unknown', 'issuer': 'unknown'}
2024-12-09 21:32:05 - DEBUG - [domains_check_MT.py:95] - check_url_mt - Processed result: {'url': 'ec.europa.eu', 'status_code': 'OK', 'ssl_status': 'valid', 'expiration_date': '2025-08-03 13:21:01', 'issuer': 'GlobalSign RSA OV SSL CA 2018'}
